This is pdfTeX, Version 3.141592653-2.6-1.40.22 (TeX Live 2022/dev/Debian) (preloaded format=pdflatex 2026.5.23)  16 JUL 2026 04:12
entering extended mode
 restricted \write18 enabled.
 %&-line parsing enabled.
**writeup.tex
(./writeup.tex
LaTeX2e <2021-11-15> patch level 1
L3 programming layer <2022-01-21>
(/usr/share/texlive/texmf-dist/tex/latex/base/article.cls
Document Class: article 2021/10/04 v1.4n Standard LaTeX document class
(/usr/share/texlive/texmf-dist/tex/latex/base/size10.clo
File: size10.clo 2021/10/04 v1.4n Standard LaTeX file (size option)
)
\c@part=\count185
\c@section=\count186
\c@subsection=\count187
\c@subsubsection=\count188
\c@paragraph=\count189
\c@subparagraph=\count190
\c@figure=\count191
\c@table=\count192
\abovecaptionskip=\skip47
\belowcaptionskip=\skip48
\bibindent=\dimen138
)
(/usr/share/texlive/texmf-dist/tex/latex/amsmath/amsmath.sty
Package: amsmath 2021/10/15 v2.17l AMS math features
\@mathmargin=\skip49

For additional information on amsmath, use the `?' option.
(/usr/share/texlive/texmf-dist/tex/latex/amsmath/amstext.sty
Package: amstext 2021/08/26 v2.01 AMS text

(/usr/share/texlive/texmf-dist/tex/latex/amsmath/amsgen.sty
File: amsgen.sty 1999/11/30 v2.0 generic functions
\@emptytoks=\toks16
\ex@=\dimen139
))
(/usr/share/texlive/texmf-dist/tex/latex/amsmath/amsbsy.sty
Package: amsbsy 1999/11/29 v1.2d Bold Symbols
\pmbraise@=\dimen140
)
(/usr/share/texlive/texmf-dist/tex/latex/amsmath/amsopn.sty
Package: amsopn 2021/08/26 v2.02 operator names
)
\inf@bad=\count193
LaTeX Info: Redefining \frac on input line 234.
\uproot@=\count194
\leftroot@=\count195
LaTeX Info: Redefining \overline on input line 399.
\classnum@=\count196
\DOTSCASE@=\count197
LaTeX Info: Redefining \ldots on input line 496.
LaTeX Info: Redefining \dots on input line 499.
LaTeX Info: Redefining \cdots on input line 620.
\Mathstrutbox@=\box50
\strutbox@=\box51
\big@size=\dimen141
LaTeX Font Info:    Redeclaring font encoding OML on input line 743.
LaTeX Font Info:    Redeclaring font encoding OMS on input line 744.
\macc@depth=\count198
\c@MaxMatrixCols=\count199
\dotsspace@=\muskip16
\c@parentequation=\count266
\dspbrk@lvl=\count267
\tag@help=\toks17
\row@=\count268
\column@=\count269
\maxfields@=\count270
\andhelp@=\toks18
\eqnshift@=\dimen142
\alignsep@=\dimen143
\tagshift@=\dimen144
\tagwidth@=\dimen145
\totwidth@=\dimen146
\lineht@=\dimen147
\@envbody=\toks19
\multlinegap=\skip50
\multlinetaggap=\skip51
\mathdisplay@stack=\toks20
LaTeX Info: Redefining \[ on input line 2938.
LaTeX Info: Redefining \] on input line 2939.
)
(/usr/share/texlive/texmf-dist/tex/latex/amsfonts/amssymb.sty
Package: amssymb 2013/01/14 v3.01 AMS font symbols

(/usr/share/texlive/texmf-dist/tex/latex/amsfonts/amsfonts.sty
Package: amsfonts 2013/01/14 v3.01 Basic AMSFonts support
\symAMSa=\mathgroup4
\symAMSb=\mathgroup5
LaTeX Font Info:    Redeclaring math symbol \hbar on input line 98.
LaTeX Font Info:    Overwriting math alphabet `\mathfrak' in version `bold'
(Font)                  U/euf/m/n --> U/euf/b/n on input line 106.
))
(/usr/share/texlive/texmf-dist/tex/latex/amscls/amsthm.sty
Package: amsthm 2020/05/29 v2.20.6
\thm@style=\toks21
\thm@bodyfont=\toks22
\thm@headfont=\toks23
\thm@notefont=\toks24
\thm@headpunct=\toks25
\thm@preskip=\skip52
\thm@postskip=\skip53
\thm@headsep=\skip54
\dth@everypar=\toks26
)
\c@assumption=\count271
\c@definition=\count272
\c@theorem=\count273
\c@lemma=\count274
\c@proposition=\count275
\c@openendedquestion=\count276
\c@conjecture=\count277

(/usr/share/texlive/texmf-dist/tex/latex/l3backend/l3backend-pdftex.def
File: l3backend-pdftex.def 2022-01-12 L3 backend support: PDF output (pdfTeX)
\l__color_backend_stack_int=\count278
\l__pdf_internal_box=\box52
)
(./writeup.aux)
\openout1 = `writeup.aux'.

LaTeX Font Info:    Checking defaults for OML/cmm/m/it on input line 12.
LaTeX Font Info:    ... okay on input line 12.
LaTeX Font Info:    Checking defaults for OMS/cmsy/m/n on input line 12.
LaTeX Font Info:    ... okay on input line 12.
LaTeX Font Info:    Checking defaults for OT1/cmr/m/n on input line 12.
LaTeX Font Info:    ... okay on input line 12.
LaTeX Font Info:    Checking defaults for T1/cmr/m/n on input line 12.
LaTeX Font Info:    ... okay on input line 12.
LaTeX Font Info:    Checking defaults for TS1/cmr/m/n on input line 12.
LaTeX Font Info:    ... okay on input line 12.
LaTeX Font Info:    Checking defaults for OMX/cmex/m/n on input line 12.
LaTeX Font Info:    ... okay on input line 12.
LaTeX Font Info:    Checking defaults for U/cmr/m/n on input line 12.
LaTeX Font Info:    ... okay on input line 12.
LaTeX Font Info:    Trying to load font information for U+msa on input line 16.

 (/usr/share/texlive/texmf-dist/tex/latex/amsfonts/umsa.fd
File: umsa.fd 2013/01/14 v3.01 AMS symbols A
)
LaTeX Font Info:    Trying to load font information for U+msb on input line 16.


(/usr/share/texlive/texmf-dist/tex/latex/amsfonts/umsb.fd
File: umsb.fd 2013/01/14 v3.01 AMS symbols B
)
Overfull \hbox (0.4173pt too wide) in paragraph at lines 28--29
\OT1/cmr/m/n/10 Dobriban--Tchetgen Tch-et-gen es-tab-lish finite-sample uninfor
mative-set phe-nom-
 []

[1

{/var/lib/texmf/fonts/map/pdftex/updmap/pdftex.map}]
LaTeX Font Info:    Trying to load font information for OMS+cmtt on input line 
33.

(/usr/share/texmf/tex/latex/R/tex/latex/omscmtt.fd
File: omscmtt.fd 
)
LaTeX Font Info:    Font shape `OMS/cmtt/m/n' in size <10> not available
(Font)              Font shape `OMS/cmsy/m/n' tried instead on input line 33.

Overfull \hbox (7.69992pt too wide) in paragraph at lines 32--34
\OT1/cmr/m/n/10 Target (es-ti-mand / struc-tural pa-ram-e-ter): \OT1/cmtt/m/n/1
0 I[]rob=[m-r[]rob,m+r[]rob] intersect
 []


Overfull \hbox (13.8112pt too wide) in paragraph at lines 37--38
[]\OT1/cmtt/m/n/10 K \OT1/cmr/m/n/10 --- \OT1/cmtt/m/n/10 integer\OT1/cmr/m/n/1
0 ; \OT1/cmtt/m/n/10 N\OT1/cmr/m/n/10 ; \OT1/cmtt/m/n/10 certificate index $\OT
1/cmr/m/n/10 :=$ \OT1/cmtt/m/n/10 number of externally certified
 []


Overfull \hbox (3.68277pt too wide) in paragraph at lines 39--40
[]\OT1/cmtt/m/n/10 alpha \OT1/cmr/m/n/10 --- \OT1/cmtt/m/n/10 scalar\OT1/cmr/m/
n/10 ; \OT1/cmtt/m/n/10 (0,1)\OT1/cmr/m/n/10 ; \OT1/cmtt/m/n/10 constant $\OT1/
cmr/m/n/10 :=$ \OT1/cmtt/m/n/10 target miscoverage probability 
 []


Overfull \hbox (29.93254pt too wide) in paragraph at lines 42--43
[]\OT1/cmtt/m/n/10 delta \OT1/cmr/m/n/10 --- \OT1/cmtt/m/n/10 scalar\OT1/cmr/m/
n/10 ; \OT1/cmtt/m/n/10 [0,1]\OT1/cmr/m/n/10 ; \OT1/cmtt/m/n/10 constant $\OT1/
cmr/m/n/10 :=$ \OT1/cmtt/m/n/10 certified ordinary-cell ratio-width
 []


Overfull \hbox (8.93163pt too wide) in paragraph at lines 43--44
[]\OT1/cmtt/m/n/10 C \OT1/cmr/m/n/10 --- \OT1/cmtt/m/n/10 scalar\OT1/cmr/m/n/10
 ; \OT1/cmtt/m/n/10 (0,infinity)\OT1/cmr/m/n/10 ; \OT1/cmtt/m/n/10 constant $\O
T1/cmr/m/n/10 :=$ \OT1/cmtt/m/n/10 upper-endpoint tail-envelope
 []


Overfull \hbox (8.93272pt too wide) in paragraph at lines 44--45
[]\OT1/cmtt/m/n/10 c0 \OT1/cmr/m/n/10 --- \OT1/cmtt/m/n/10 scalar\OT1/cmr/m/n/1
0 ; \OT1/cmtt/m/n/10 (0,infinity)\OT1/cmr/m/n/10 ; \OT1/cmtt/m/n/10 constant $\
OT1/cmr/m/n/10 :=$ \OT1/cmtt/m/n/10 local score-quantile margin
 []


Overfull \hbox (2.09125pt too wide) in paragraph at lines 46--47
[]\OT1/cmtt/m/n/10 mathcal[]X \OT1/cmr/m/n/10 --- \OT1/cmtt/m/n/10 measurable s
pace\OT1/cmr/m/n/10 ; \OT1/cmtt/m/n/10 primitive space $\OT1/cmr/m/n/10 :=$ \OT
1/cmtt/m/n/10 covariate space 
 []


Overfull \hbox (2.09125pt too wide) in paragraph at lines 47--48
[]\OT1/cmtt/m/n/10 mathcal[]A \OT1/cmr/m/n/10 --- \OT1/cmtt/m/n/10 measurable s
pace\OT1/cmr/m/n/10 ; \OT1/cmtt/m/n/10 primitive space $\OT1/cmr/m/n/10 :=$ \OT
1/cmtt/m/n/10 treatment space
 []

[2]
Overfull \hbox (31.15086pt too wide) in paragraph at lines 58--59
[]\OT1/cmtt/m/n/10 Z \OT1/cmr/m/n/10 --- \OT1/cmtt/m/n/10 random element\OT1/cm
r/m/n/10 ; \OT1/cmtt/m/n/10 mathcal[]X x mathcal[]A x [0,1]^mathcal[]A\OT1/cmr/
m/n/10 ; \OT1/cmtt/m/n/10 full-data
 []


Overfull \hbox (27.45865pt too wide) in paragraph at lines 59--60
[]\OT1/cmtt/m/n/10 P[]F \OT1/cmr/m/n/10 --- \OT1/cmtt/m/n/10 probability law\OT
1/cmr/m/n/10 ; \OT1/cmtt/m/n/10 Prob(mathcal[]X x mathcal[]A x [0,1]^mathcal[]A
)\OT1/cmr/m/n/10 ;
 []


Overfull \hbox (57.77211pt too wide) in paragraph at lines 60--61
[]\OT1/cmtt/m/n/10 P[]obs \OT1/cmr/m/n/10 --- \OT1/cmtt/m/n/10 probability law\
OT1/cmr/m/n/10 ; \OT1/cmtt/m/n/10 Prob(mathcal[]X x mathcal[]A x [0,1])\OT1/cmr
/m/n/10 ; \OT1/cmtt/m/n/10 observed-data
 []


Overfull \hbox (10.8712pt too wide) in paragraph at lines 61--62
[]\OT1/cmtt/m/n/10 P[]X \OT1/cmr/m/n/10 --- \OT1/cmtt/m/n/10 probability law\OT
1/cmr/m/n/10 ; \OT1/cmtt/m/n/10 Prob(mathcal[]X)\OT1/cmr/m/n/10 ; \OT1/cmtt/m/n
/10 covariate law $\OT1/cmr/m/n/10 :=$ \OT1/cmtt/m/n/10 X-marginal
 []


Overfull \hbox (11.55504pt too wide) in paragraph at lines 62--63
\OT1/cmr/m/n/10 :=$ \OT1/cmtt/m/n/10 pi(a|x), the P[]F-conditional treatment de
nsity of A given X=x 
 []


Overfull \hbox (32.99234pt too wide) in paragraph at lines 63--64
[]\OT1/cmtt/m/n/10 g \OT1/cmr/m/n/10 --- \OT1/cmtt/m/n/10 Markov kernel\OT1/cmr
/m/n/10 ; \OT1/cmtt/m/n/10 mathcal[]A x mathcal[]X -> [0,infinity)\OT1/cmr/m/n/
10 ; \OT1/cmtt/m/n/10 intervention
 []


Overfull \hbox (4.24747pt too wide) in paragraph at lines 64--65
\OT1/cmtt/m/n/10 true intervention ratio $\OT1/cmr/m/n/10 :=$ \OT1/cmtt/m/n/10 
w(x,a)=g(a|x)/pi(a|x) on \OMS/cmsy/m/n/10 f\OT1/cmtt/m/n/10 pi(a|x)>0\OMS/cmsy/
m/n/10 g 
 []


Overfull \hbox (9.39993pt too wide) in paragraph at lines 65--66
[]\OT1/cmtt/m/n/10 ell \OT1/cmr/m/n/10 --- \OT1/cmtt/m/n/10 measurable function
\OT1/cmr/m/n/10 ; \OT1/cmtt/m/n/10 mathcal[]X x mathcal[]A -> [0,infinity)\OT1/
cmr/m/n/10 ;
 []

[3]
Overfull \hbox (31.87212pt too wide) in paragraph at lines 72--73
[]\OT1/cmtt/m/n/10 X[]i \OT1/cmr/m/n/10 --- \OT1/cmtt/m/n/10 random vector\OT1/
cmr/m/n/10 ; \OT1/cmtt/m/n/10 mathcal[]X\OT1/cmr/m/n/10 ; \OT1/cmtt/m/n/10 samp
le component $\OT1/cmr/m/n/10 :=$ \OT1/cmtt/m/n/10 covariate component
 []


Overfull \hbox (12.71268pt too wide) in paragraph at lines 74--75
[]\OT1/cmtt/m/n/10 Y[]i \OT1/cmr/m/n/10 --- \OT1/cmtt/m/n/10 random variable\OT
1/cmr/m/n/10 ; \OT1/cmtt/m/n/10 [0,1]\OT1/cmr/m/n/10 ; \OT1/cmtt/m/n/10 sample 
component $\OT1/cmr/m/n/10 :=$ \OT1/cmtt/m/n/10 outcome component
 []


Overfull \hbox (15.77248pt too wide) in paragraph at lines 75--76
[]\OT1/cmtt/m/n/10 D[]n \OT1/cmr/m/n/10 --- \OT1/cmtt/m/n/10 random sample\OT1/
cmr/m/n/10 ; \OT1/cmtt/m/n/10 (mathcal[]X x mathcal[]A x [0,1])^n\OT1/cmr/m/n/1
0 ; \OT1/cmtt/m/n/10 calibration
 []


Overfull \hbox (9.39993pt too wide) in paragraph at lines 76--77
[]\OT1/cmtt/m/n/10 v^k \OT1/cmr/m/n/10 --- \OT1/cmtt/m/n/10 measurable function
\OT1/cmr/m/n/10 ; \OT1/cmtt/m/n/10 mathcal[]X x mathcal[]A -> [0,infinity)\OT1/
cmr/m/n/10 ;
 []


Overfull \hbox (4.9022pt too wide) in paragraph at lines 77--78
[]\OT1/cmtt/m/n/10 V[]epsilon \OT1/cmr/m/n/10 --- \OT1/cmtt/m/n/10 finite set o
f functions\OT1/cmr/m/n/10 ; \OMS/cmsy/m/n/10 f\OT1/cmtt/m/n/10 v:mathcal[]X x 
mathcal[]A ->
 []


Overfull \hbox (27.45975pt too wide) in paragraph at lines 79--80
[]\OT1/cmtt/m/n/10 Q[]v \OT1/cmr/m/n/10 --- \OT1/cmtt/m/n/10 probability law\OT
1/cmr/m/n/10 ; \OT1/cmtt/m/n/10 Prob(mathcal[]X x mathcal[]A x [0,1]^mathcal[]A
)\OT1/cmr/m/n/10 ;
 []


Overfull \hbox (17.5572pt too wide) in paragraph at lines 79--80
\OT1/cmtt/m/n/10 compatible intervention full-data law $\OT1/cmr/m/n/10 :=$ \OT
1/cmtt/m/n/10 law with dQ[]v/dP[]F=v(X,A) 
 []


Overfull \hbox (51.40193pt too wide) in paragraph at lines 80--81
[]\OT1/cmtt/m/n/10 T[]v \OT1/cmr/m/n/10 --- \OT1/cmtt/m/n/10 random pair\OT1/cm
r/m/n/10 ; \OT1/cmtt/m/n/10 mathcal[]X x mathcal[]A\OT1/cmr/m/n/10 ; \OT1/cmtt/
m/n/10 target draw $\OT1/cmr/m/n/10 :=$ \OT1/cmtt/m/n/10 candidate-specific
 []


Overfull \hbox (8.93163pt too wide) in paragraph at lines 81--82
[]\OT1/cmtt/m/n/10 U \OT1/cmr/m/n/10 --- \OT1/cmtt/m/n/10 random variable\OT1/c
mr/m/n/10 ; \OT1/cmtt/m/n/10 Unif(0,1)\OT1/cmr/m/n/10 ; \OT1/cmtt/m/n/10 random
ization $\OT1/cmr/m/n/10 :=$ \OT1/cmtt/m/n/10 U is Uniform(0,1)
 []


Overfull \hbox (25.02701pt too wide) in paragraph at lines 81--82
\OT1/cmtt/m/n/10 and, for every v in V[]epsilon, is independent of the joint el
ement
 []


Overfull \hbox (27.33696pt too wide) in paragraph at lines 81--82
\OT1/cmtt/m/n/10 consisting of D[]n, T[]v, and the Q[]v-target outcome Y(A). Th
e formal
 []

[4]
Overfull \hbox (77.5222pt too wide) in paragraph at lines 86--87
[]\OT1/cmtt/m/n/10 r[]w \OT1/cmr/m/n/10 --- \OT1/cmtt/m/n/10 scalar\OT1/cmr/m/n
/10 ; \OT1/cmtt/m/n/10 [0,1]\OT1/cmr/m/n/10 ; \OT1/cmtt/m/n/10 target oracle ra
dius $\OT1/cmr/m/n/10 :=$ \OT1/cmtt/m/n/10 r[]w=inf\OMS/cmsy/m/n/10 f\OT1/cmtt/
m/n/10 r in [0,1]:F[]w(r)>=1-alpha\OMS/cmsy/m/n/10 g 
 []


Overfull \hbox (28.7749pt too wide) in paragraph at lines 90--91
\OT1/cmr/m/n/10 :=$ \OT1/cmtt/m/n/10 robust randomized weighted-conformal p-val
ue from def:robust-wcp
 []


Overfull \hbox (10.74715pt too wide) in paragraph at lines 91--92
\OT1/cmtt/m/n/10 weighted-conformal p-value for candidate ratio v^k evaluated a
t
 []


Overfull \hbox (83.70721pt too wide) in paragraph at lines 92--93
\OT1/cmtt/m/n/10 (0,1) -> \OMS/cmsy/m/n/10 f\OT1/cmtt/m/n/10 intervals in [0,1]
\OMS/cmsy/m/n/10 g\OT1/cmr/m/n/10 ; \OT1/cmtt/m/n/10 robust conformal interval 
$\OT1/cmr/m/n/10 :=$ \OT1/cmtt/m/n/10 Ihat[]n(D[]n,T[]v,U)=\OMS/cmsy/m/n/10 f\O
T1/cmtt/m/n/10 y
 []


Overfull \hbox (3.68105pt too wide) in paragraph at lines 93--94
[]\OT1/cmtt/m/n/10 h[]J \OT1/cmr/m/n/10 --- \OT1/cmtt/m/n/10 measurable functio
n\OT1/cmr/m/n/10 ; \OT1/cmtt/m/n/10 D[]n x (mathcal[]X x mathcal[]A) x (0,1)
 []


Overfull \hbox (36.3675pt too wide) in paragraph at lines 93--94
\OT1/cmtt/m/n/10 -> [0,1]\OT1/cmr/m/n/10 ; \OT1/cmtt/m/n/10 bound variable $\OT
1/cmr/m/n/10 :=$ \OT1/cmtt/m/n/10 radius function defining the score-centred
 []


Overfull \hbox (46.90074pt too wide) in paragraph at lines 94--95
[]\OT1/cmtt/m/n/10 J \OT1/cmr/m/n/10 --- \OT1/cmtt/m/n/10 measurable rule\OT1/c
mr/m/n/10 ; \OT1/cmtt/m/n/10 D[]n x (mathcal[]X x mathcal[]A) x (0,1) -> \OMS/c
msy/m/n/10 f\OT1/cmtt/m/n/10 connected
 []


Overfull \hbox (113.60677pt too wide) in paragraph at lines 94--95
\OT1/cmtt/m/n/10 intervals in [0,1]\OMS/cmsy/m/n/10 g\OT1/cmr/m/n/10 ; \OT1/cmt
t/m/n/10 bound variable $\OT1/cmr/m/n/10 :=$ \OT1/cmtt/m/n/10 J(D[]n,T[]v,U)=[m
-h[]J(D[]n,T[]v,U),m+h[]J(D[]n,T[]v,U)]
 []


Overfull \hbox (6.00253pt too wide) in paragraph at lines 95--96
[]\OT1/cmtt/m/n/10 len \OT1/cmr/m/n/10 --- \OT1/cmtt/m/n/10 functional\OT1/cmr/
m/n/10 ; \OT1/cmtt/m/n/10 interval -> [0,1]\OT1/cmr/m/n/10 ; \OT1/cmtt/m/n/10 l
ength functional $\OT1/cmr/m/n/10 :=$ $[](\OML/cmm/m/it/10 I\OT1/cmr/m/n/10 ) :
=
 []


Overfull \hbox (36.65187pt too wide) in paragraph at lines 96--97
[]\OT1/cmtt/m/n/10 mathfrak[]P[]cert \OT1/cmr/m/n/10 --- \OT1/cmtt/m/n/10 class
 of probability laws\OT1/cmr/m/n/10 ; \OT1/cmtt/m/n/10 subsets of Prob(mathcal[
]X
 []


Overfull \hbox (38.30707pt too wide) in paragraph at lines 96--97
\OT1/cmtt/m/n/10 x mathcal[]A x [0,1]^mathcal[]A)\OT1/cmr/m/n/10 ; \OT1/cmtt/m/
n/10 model class $\OT1/cmr/m/n/10 :=$ \OT1/cmtt/m/n/10 certified-tail full-data

 []


Overfull \hbox (18.71248pt too wide) in paragraph at lines 97--98
[]\OT1/cmtt/m/n/10 R[]n \OT1/cmr/m/n/10 --- \OT1/cmtt/m/n/10 nonnegative scalar
\OT1/cmr/m/n/10 ; \OT1/cmtt/m/n/10 [0,infinity)\OT1/cmr/m/n/10 ; \OT1/cmtt/m/n/
10 resolved minimax functional
 []


Overfull \hbox (55.02467pt too wide) in paragraph at lines 97--98
\OT1/cmr/m/n/10 :=$ \OT1/cmtt/m/n/10 minimax high-probability robust-oracle reg
ret from def:minimax-regret 
 []

[5]
Overfull \hbox (32.54709pt too wide) in paragraph at lines 108--109
\OT1/cmr/bx/n/10 Assumption 2 \OT1/cmr/m/n/10 (ass:compatible-target-law)\OT1/c
mr/bx/n/10 . \OT1/cmtt/m/it/10 For every v in V[]epsilon, (T[]v,Y^v)
 []


Overfull \hbox (30.54698pt too wide) in paragraph at lines 113--114
\OT1/cmr/bx/n/10 Assumption 3 \OT1/cmr/m/n/10 (ass:independent-target)\OT1/cmr/
bx/n/10 . \OT1/cmtt/m/it/10 For every v in V[]epsilon, (T[]v,Y^v,U)
 []


Overfull \hbox (12.65369pt too wide) in paragraph at lines 128--129
\OT1/cmr/bx/n/10 Assumption 6 \OT1/cmr/m/n/10 (ass:exchangeability)\OT1/cmr/bx/
n/10 . \OT1/cmtt/m/it/10 Y(a) is independent of A conditional
 []


Overfull \hbox (17.68153pt too wide) in paragraph at lines 138--139
\OT1/cmr/bx/n/10 Assumption 8 \OT1/cmr/m/n/10 (ass:bounded-outcome)\OT1/cmr/bx/
n/10 . \OT1/cmtt/m/it/10 Y(a) belongs to [0,1] almost surely
 []

LaTeX Font Info:    Font shape `OMS/cmtt/m/it' in size <10> not available
(Font)              Font shape `OMS/cmsy/m/n' tried instead on input line 143.

Overfull \hbox (8.0447pt too wide) in paragraph at lines 153--154
\OT1/cmr/bx/n/10 Assumption 11 \OT1/cmr/m/n/10 (ass:upper-tail)\OT1/cmr/bx/n/10
 . \OT1/cmtt/m/it/10 P[]obs\OMS/cmsy/m/n/10 f\OT1/cmtt/m/it/10 u(X,A)>t\OMS/cms
y/m/n/10 g\OT1/cmtt/m/it/10 <=C t^(-gamma) for every
 []


Overfull \hbox (0.49722pt too wide) in paragraph at lines 158--159
\OT1/cmtt/m/it/10 1\OMS/cmsy/m/n/10 f\OT1/cmtt/m/it/10 u(X,A)<=epsilon^(-1)\OMS
/cmsy/m/n/10 g\OT1/cmtt/m/it/10 +u(X,A)1\OMS/cmsy/m/n/10 f\OT1/cmtt/m/it/10 u(X
,A)>epsilon^(-1)\OMS/cmsy/m/n/10 g \OT1/cmtt/m/it/10 almost surely
 []

[6]
Overfull \hbox (19.46805pt too wide) in paragraph at lines 163--164
\OT1/cmr/bx/n/10 Assumption 13 \OT1/cmr/m/n/10 (ass:quantile-margin)\OT1/cmr/bx
/n/10 . \OT1/cmtt/m/it/10 F[]w(r[]w+t)-F[]w(r[]w-t)>=c0 t for every
 []


Overfull \hbox (16.42181pt too wide) in paragraph at lines 170--171
\OT1/cmr/bx/n/10 Definition 1 \OT1/cmr/m/n/10 (def:compatible-ratios)\OT1/cmr/b
x/n/10 . \OT1/cmtt/m/it/10 Finite causally compatible ratio list
 []


Overfull \hbox (134.69737pt too wide) in paragraph at lines 170--171
\OT1/cmr/m/n/10 :=$ \OT1/cmtt/m/it/10 V[]epsilon=\OMS/cmsy/m/n/10 f\OT1/cmtt/m/
it/10 v^1,...,v^K\OMS/cmsy/m/n/10 g\OT1/cmtt/m/it/10 , ell(x,a)=min[]\OMS/cmsy/
m/n/10 f\OT1/cmtt/m/it/10 1<=k<=K\OMS/cmsy/m/n/10 g\OT1/cmtt/m/it/10 v^k(x,a), 
and u(x,a)=max[]\OMS/cmsy/m/n/10 f\OT1/cmtt/m/it/10 1<=k<=K\OMS/cmsy/m/n/10 g\O
T1/cmtt/m/it/10 v^k(x,a).
 []


Overfull \hbox (48.75786pt too wide) in paragraph at lines 174--175
\OT1/cmr/m/n/10 :=$ \OT1/cmtt/m/it/10 I[]rob=[m-r[]rob,m+r[]rob] intersect [0,1
], where r[]rob=inf\OMS/cmsy/m/n/10 f\OT1/cmtt/m/it/10 r in [0,1]:inf[]\OMS/cms
y/m/n/10 f\OT1/cmtt/m/it/10 v
 []


Overfull \hbox (31.1495pt too wide) in paragraph at lines 174--175
\OT1/cmtt/m/it/10 in V[]epsilon\OMS/cmsy/m/n/10 g\OT1/cmtt/m/it/10 E[]Pobs[v(X,
A)1\OMS/cmsy/m/n/10 f\OT1/cmtt/m/it/10 |Y-m|<=r\OMS/cmsy/m/n/10 g\OT1/cmtt/m/it
/10 ]>=1-alpha\OMS/cmsy/m/n/10 g  \OT1/cmr/m/it/10 ([] P[]obs, V[]epsilon,
 []


Overfull \hbox (30.92136pt too wide) in paragraph at lines 178--179
\OT1/cmr/bx/n/10 Definition 3 \OT1/cmr/m/n/10 (def:robust-wcp)\OT1/cmr/bx/n/10 
. \OT1/cmtt/m/it/10 Randomized robust weighted-conformal interval
 []


Overfull \hbox (1.1682pt too wide) in paragraph at lines 178--179
\OT1/cmr/m/n/10 :=$ \OT1/cmtt/m/it/10 For a candidate v in V[]epsilon and its t
arget pair T[]v, for y in
 []


Overfull \hbox (136.70605pt too wide) in paragraph at lines 178--179
\OT1/cmtt/m/it/10 [0,1] and k=1,...,K, set p[]k(y)=[sum[]\OMS/cmsy/m/n/10 f\OT1
/cmtt/m/it/10 i=1\OMS/cmsy/m/n/10 g\OT1/cmtt/m/it/10 ^n v^k(X[]i,A[]i)1\OMS/cms
y/m/n/10 f\OT1/cmtt/m/it/10 S(Y[]i)>S(y)\OMS/cmsy/m/n/10 g\OT1/cmtt/m/it/10 +U(
v^k(T[]v)+sum[]\OMS/cmsy/m/n/10 f\OT1/cmtt/m/it/10 i=1\OMS/cmsy/m/n/10 g\OT1/cm
tt/m/it/10 ^n
 []


Overfull \hbox (5.95708pt too wide) in paragraph at lines 178--179
\OT1/cmtt/m/it/10 v^k(X[]i,A[]i)1\OMS/cmsy/m/n/10 f\OT1/cmtt/m/it/10 S(Y[]i)=S(
y)\OMS/cmsy/m/n/10 g\OT1/cmtt/m/it/10 )]/[v^k(T[]v)+sum[]\OMS/cmsy/m/n/10 f\OT1
/cmtt/m/it/10 i=1\OMS/cmsy/m/n/10 g\OT1/cmtt/m/it/10 ^n v^k(X[]i,A[]i)] when
 []


Overfull \hbox (126.36595pt too wide) in paragraph at lines 178--179
\OT1/cmtt/m/it/10 its denominator is positive, and set p[]k(y)=0 otherwise. Set
 p[]rob(y)=max[]\OMS/cmsy/m/n/10 f\OT1/cmtt/m/it/10 1<=k<=K\OMS/cmsy/m/n/10 g\O
T1/cmtt/m/it/10 p[]k(y),
 []


Overfull \hbox (24.397pt too wide) in paragraph at lines 178--179
\OT1/cmtt/m/it/10 and output Ihat[]n(D[]n,T[]v,U)=\OMS/cmsy/m/n/10 f\OT1/cmtt/m
/it/10 y in [0,1]:p[]rob(y)>alpha\OMS/cmsy/m/n/10 g\OT1/cmtt/m/it/10 =union[]\O
MS/cmsy/m/n/10 f\OT1/cmtt/m/it/10 k=1\OMS/cmsy/m/n/10 g\OT1/cmtt/m/it/10 ^K\OMS
/cmsy/m/n/10 f\OT1/cmtt/m/it/10 y
 []


Overfull \hbox (233.28769pt too wide) in paragraph at lines 182--183
\OT1/cmr/bx/n/10 Definition 4 \OT1/cmr/m/n/10 (def:certificate-class)\OT1/cmr/b
x/n/10 . \OT1/cmtt/m/it/10 Certified-tail full-data class $\OT1/cmr/m/n/10 :=$ 
\OT1/cmtt/m/it/10 mathfrak[]P[]cert(C,gamma,epsilon,delta,c0,K)=\OMS/cmsy/m/n/1
0 f\OT1/cmtt/m/it/10 P[]F
 []


Overfull \hbox (107.33601pt too wide) in paragraph at lines 182--183
\OT1/cmtt/m/it/10 in Prob(mathcal[]X x mathcal[]A x [0,1]^mathcal[]A): ass:cons
istency, ass:exchangeability,
 []


Overfull \hbox (64.49643pt too wide) in paragraph at lines 182--183
\OT1/cmtt/m/it/10 ass:intervention-domination, ass:bounded-outcome, ass:candida
te-normalization,
 []


Overfull \hbox (43.49661pt too wide) in paragraph at lines 182--183
\OT1/cmtt/m/it/10 ass:certificate-containment, ass:upper-tail, ass:graded-certi
ficate-width,
 []


Overfull \hbox (3.8938pt too wide) in paragraph at lines 182--183
\OT1/cmtt/m/it/10 and ass:quantile-margin hold for the P[]F-induced objects\OMS
/cmsy/m/n/10 g \OT1/cmr/m/it/10 --- the class
 []


Overfull \hbox (7.78291pt too wide) in paragraph at lines 186--187
\OT1/cmr/bx/n/10 Definition 5 \OT1/cmr/m/n/10 (def:minimax-regret)\OT1/cmr/bx/n
/10 . \OT1/cmtt/m/it/10 High-probability robust-oracle regret
 []


Overfull \hbox (306.52596pt too wide) in paragraph at lines 186--187
\OT1/cmr/m/n/10 :=$ \OT1/cmtt/m/it/10 R[]n(eta)=inf[]J sup[]\OMS/cmsy/m/n/10 f\
OT1/cmtt/m/it/10 P[]F in mathfrak[]P[]cert\OMS/cmsy/m/n/10 g \OT1/cmtt/m/it/10 
inf\OMS/cmsy/m/n/10 f\OT1/cmtt/m/it/10 r>=0:sup[]\OMS/cmsy/m/n/10 f\OT1/cmtt/m/
it/10 v in V[]epsilon\OMS/cmsy/m/n/10 g\OT1/cmtt/m/it/10 Pr[]\OMS/cmsy/m/n/10 f
\OT1/cmtt/m/it/10 D[]n,T[]v,U\OMS/cmsy/m/n/10 gf\OT1/cmtt/m/it/10 len(J(D[]n,T[
]v,U))-len(I[]rob)>r\OMS/cmsy/m/n/10 g\OT1/cmtt/m/it/10 <=eta\OMS/cmsy/m/n/10 g
\OT1/cmtt/m/it/10 ,
 []


Overfull \hbox (20.77686pt too wide) in paragraph at lines 186--187
\OT1/cmtt/m/it/10 where J has the score-centred form declared for J and satisfi
es inf[]\OMS/cmsy/m/n/10 f\OT1/cmtt/m/it/10 v
 []


Overfull \hbox (17.67705pt too wide) in paragraph at lines 186--187
\OT1/cmtt/m/it/10 in V[]epsilon\OMS/cmsy/m/n/10 g\OT1/cmtt/m/it/10 Pr[]\OMS/cms
y/m/n/10 f\OT1/cmtt/m/it/10 D[]n,T[]v,Y^v,U\OMS/cmsy/m/n/10 gf\OT1/cmtt/m/it/10
 Y^v in J(D[]n,T[]v,U)\OMS/cmsy/m/n/10 g\OT1/cmtt/m/it/10 >=1-alpha for every
 []


Overfull \hbox (111.11597pt too wide) in paragraph at lines 186--187
\OT1/cmtt/m/it/10 P[]F in mathfrak[]P[]cert, with each (T[]v,Y^v) distributed a
s in ass:compatible-target-law.
 []

[7]
Overfull \hbox (8.05713pt too wide) in paragraph at lines 192--193
\OT1/cmtt/m/it/10 and every B in Borel([0,1]), Q[]v\OMS/cmsy/m/n/10 f\OT1/cmtt/
m/it/10 Y(A) in B\OMS/cmsy/m/n/10 g\OT1/cmtt/m/it/10 =E[]Pobs[v(X,A)1\OMS/cmsy/
m/n/10 f\OT1/cmtt/m/it/10 Y in B\OMS/cmsy/m/n/10 g\OT1/cmtt/m/it/10 ].
 []


Overfull \hbox (34.23961pt too wide) detected at line 217
[][]
 []


Overfull \hbox (18.56546pt too wide) in paragraph at lines 229--230
\OT1/cmr/m/n/10 measure sub-strate; no iden-ti-fi-ca-tion im-prove-ment over kn
own stochastic-intervention
 []

[8]
Overfull \hbox (2.08699pt too wide) in paragraph at lines 232--233
\OT1/cmtt/m/it/10 and every v in V[]epsilon, with all expectations under P[]obs
, sup[]\OMS/cmsy/m/n/10 f\OT1/cmtt/m/it/10 r
 []


Overfull \hbox (71.30652pt too wide) in paragraph at lines 232--233
\OT1/cmtt/m/it/10 in [0,1]\OMS/cmsy/m/n/10 g\OT1/cmtt/m/it/10 |F[]v(r)-F[]w(r)|
 <= (1/2)E|v-w| <= min\OMS/cmsy/m/n/10 f\OT1/cmtt/m/it/10 1,E(u-w),E(w-ell),(1/
2)E(u-ell)\OMS/cmsy/m/n/10 g\OT1/cmtt/m/it/10 .
 []


Overfull \hbox (169.49551pt too wide) in paragraph at lines 232--233
\OT1/cmtt/m/it/10 Let L=epsilon^(-1), H(C,gamma)=C/(gamma-1) when C<=1 and H(C,
gamma)=(gamma/(gamma-1))C^(1/gamma)-1
 []


Overfull \hbox (15.27696pt too wide) in paragraph at lines 232--233
\OT1/cmtt/m/it/10 when C>1, and W=delta+(L-delta)min\OMS/cmsy/m/n/10 f\OT1/cmtt
/m/it/10 1,CL^(-gamma)\OMS/cmsy/m/n/10 g\OT1/cmtt/m/it/10 +integral[]L^infinity

 []


Overfull \hbox (60.89674pt too wide) in paragraph at lines 232--233
\OT1/cmtt/m/it/10 min\OMS/cmsy/m/n/10 f\OT1/cmtt/m/it/10 1,Ct^(-gamma)\OMS/cmsy
/m/n/10 g\OT1/cmtt/m/it/10 dt. Then sup[]\OMS/cmsy/m/n/10 f\OT1/cmtt/m/it/10 v 
in V[]epsilon\OMS/cmsy/m/n/10 g\OT1/cmtt/m/it/10 sup[]\OMS/cmsy/m/n/10 f\OT1/cm
tt/m/it/10 r in [0,1]\OMS/cmsy/m/n/10 g\OT1/cmtt/m/it/10 |F[]v(r)-F[]w(r)|
 []


Overfull \hbox (153.24577pt too wide) in paragraph at lines 232--233
\OT1/cmtt/m/it/10 <= min\OMS/cmsy/m/n/10 f\OT1/cmtt/m/it/10 1,K-1,H(C,gamma),W/
2\OMS/cmsy/m/n/10 g\OT1/cmtt/m/it/10 . Equivalently, W=delta+C[(gamma/(gamma-1)
)epsilon^(gamma-1)-delta
 []


Overfull \hbox (32.9967pt too wide) in paragraph at lines 232--233
\OT1/cmtt/m/it/10 epsilon^gamma] if C epsilon^gamma<=1, and W=(gamma/(gamma-1))
C^(1/gamma)
 []

LaTeX Font Info:    Trying to load font information for U+euf on input line 235
.
(/usr/share/texlive/texmf-dist/tex/latex/amsfonts/ueuf.fd
File: ueuf.fd 2013/01/14 v3.01 Euler Fraktur
) [9] [10]
Overfull \hbox (14.01335pt too wide) in paragraph at lines 351--352
\OT1/cmr/bx/n/10 Proposition 2 \OT1/cmr/m/n/10 (prop:robust-wcp-coverage)\OT1/c
mr/bx/n/10 . \OT1/cmtt/m/it/10 For every P[]F in mathfrak[]P[]cert
 []


Overfull \hbox (32.36665pt too wide) in paragraph at lines 351--352
\OT1/cmtt/m/it/10 and every v in V[]epsilon, Ihat[]n(D[]n,T[]v,U) from def:robu
st-wcp satisfies
 []


Overfull \hbox (13.17691pt too wide) in paragraph at lines 351--352
\OT1/cmtt/m/it/10 Pr\OMS/cmsy/m/n/10 f\OT1/cmtt/m/it/10 Y^v in Ihat[]n(D[]n,T[]
v,U)\OMS/cmsy/m/n/10 g\OT1/cmtt/m/it/10 >=1-alpha. Moreover, Ihat[]n(D[]n,T[]v,
U) is
 []


Overfull \hbox (27.74675pt too wide) in paragraph at lines 351--352
\OT1/cmtt/m/it/10 a connected interval because it is a finite union of interval
s centered
 []

[11]
Overfull \hbox (9.48135pt too wide) in paragraph at lines 412--413
\OT1/cmr/bx/n/10 Proposition 3 \OT1/cmr/m/n/10 (prop:known-ratio-reduction)\OT1
/cmr/bx/n/10 . \OT1/cmtt/m/it/10 If K=1 and v^1=w P[]obs-almost
 []


Overfull \hbox (14.30684pt too wide) in paragraph at lines 412--413
\OT1/cmtt/m/it/10 surely, then ell=w=u, r[]rob=r[]w, and def:robust-wcp equals 
randomized
 []

[12]
Overfull \hbox (44.67757pt too wide) detected at line 418
\OML/cmm/m/it/10 V[] \OT1/cmr/m/n/10 = \OMS/cmsy/m/n/10 f\OML/cmm/m/it/10 v[]\O
MS/cmsy/m/n/10 g\OML/cmm/m/it/10 ;  `\OT1/cmr/m/n/10 (\OML/cmm/m/it/10 x; a\OT1
/cmr/m/n/10 ) = [] \OML/cmm/m/it/10 v[]\OT1/cmr/m/n/10 (\OML/cmm/m/it/10 x; a\O
T1/cmr/m/n/10 ) = \OML/cmm/m/it/10 v[]\OT1/cmr/m/n/10 (\OML/cmm/m/it/10 x; a\OT
1/cmr/m/n/10 )\OML/cmm/m/it/10 ;  u\OT1/cmr/m/n/10 (\OML/cmm/m/it/10 x; a\OT1/c
mr/m/n/10 ) = [] \OML/cmm/m/it/10 v[]\OT1/cmr/m/n/10 (\OML/cmm/m/it/10 x; a\OT1
/cmr/m/n/10 ) = \OML/cmm/m/it/10 v[]\OT1/cmr/m/n/10 (\OML/cmm/m/it/10 x; a\OT1/
cmr/m/n/10 )\OML/cmm/m/it/10 :
 []


Overfull \hbox (11.45354pt too wide) detected at line 432
\OML/cmm/m/it/10 r[] \OT1/cmr/m/n/10 = [] [] = [] [] = \OML/cmm/m/it/10 r[]:
 []


Overfull \hbox (45.84215pt too wide) detected at line 438
\OML/cmm/m/it/10 p[]\OT1/cmr/m/n/10 (\OML/cmm/m/it/10 y\OT1/cmr/m/n/10 ) = []\O
ML/cmm/m/it/10 ;
 []

[13]
Overfull \hbox (11.74031pt too wide) in paragraph at lines 461--461
\OT1/cmr/m/it/10 mea-sur-able non-neg-a-tive func-tions of an ob-served triple 
sat-is-fy-ing $\OML/cmm/m/it/10 H[]\OT1/cmr/m/n/10 (\OML/cmm/m/it/10 O\OT1/cmr/
m/n/10 ) \OMS/cmsy/m/n/10 ^^T \OML/cmm/m/it/10 u\OT1/cmr/m/n/10 (\OML/cmm/m/it/
10 X; A\OT1/cmr/m/n/10 )$\OT1/cmr/m/it/10 ,
 []


Overfull \hbox (31.81264pt too wide) detected at line 461
\OML/cmm/m/it/10 B[] \OT1/cmr/m/n/10 = []\OMS/cmsy/m/n/10 f\OT1/cmr/m/n/10 1\OM
L/cmm/m/it/10 ; \OT1/cmr/m/n/10 (4\OML/cmm/m/it/10 Cn=^^P\OT1/cmr/m/n/10 )[]\OM
S/cmsy/m/n/10 g\OML/cmm/m/it/10 ;  x[] \OT1/cmr/m/n/10 = [](8\OML/cmm/m/it/10 M
=^^P\OT1/cmr/m/n/10 )\OML/cmm/m/it/10 ;  T[] \OT1/cmr/m/n/10 = []\OMS/cmsy/m/n/
10 f\OT1/cmr/m/n/10 1\OML/cmm/m/it/10 ; \OT1/cmr/m/n/10 (2\OML/cmm/m/it/10 KA[]
C=^^P\OT1/cmr/m/n/10 )[]\OMS/cmsy/m/n/10 g\OML/cmm/m/it/10 ;
 []

[14] [15] [16]
Overfull \hbox (9.90865pt too wide) in paragraph at lines 575--577
\OT1/cmr/m/n/10 For suf-fi-ciently large $\OML/cmm/m/it/10 M$\OT1/cmr/m/n/10 , 
$0 \OML/cmm/m/it/10 < c < \OT1/cmr/m/n/10 1$. Use $[][]$ to choose five cells $
\OML/cmm/m/it/10 E[]; E[]; E[]; E[]; E[]$
 []

[17]
Overfull \hbox (93.9164pt too wide) in paragraph at lines 647--649
\OT1/cmr/m/it/10 while un-der the divisible-intervention-support con-di-tion $[
][]$ of $[]$,
 []

[18]
Overfull \hbox (0.61633pt too wide) in paragraph at lines 681--683
\OT1/cmr/m/n/10 The uni-ver-sal unit up-per bound proves sharp-ness. Since a du
-pli-cate $\OML/cmm/m/it/10 K$\OT1/cmr/m/n/10 -candidate
 []

[19]
Overfull \hbox (5.92113pt too wide) in paragraph at lines 711--712
\OT1/cmr/bx/n/10 Theorem 2 \OT1/cmr/m/n/10 (thm:sample-regret-degeneracy)\OT1/c
mr/bx/n/10 . \OT1/cmr/m/it/10 The frozen marginal-coverage min-
 []


Overfull \hbox (24.90848pt too wide) detected at line 720
\OML/cmm/m/it/10 B[] \OT1/cmr/m/n/10 = []\OMS/cmsy/m/n/10 f\OT1/cmr/m/n/10 1\OM
L/cmm/m/it/10 ; \OT1/cmr/m/n/10 (4\OML/cmm/m/it/10 Cn=^^P\OT1/cmr/m/n/10 )[]\OM
S/cmsy/m/n/10 g\OML/cmm/m/it/10 ;  x[] \OT1/cmr/m/n/10 = [](16\OML/cmm/m/it/10 
K=^^P\OT1/cmr/m/n/10 )\OML/cmm/m/it/10 ;  T[] \OT1/cmr/m/n/10 = []\OMS/cmsy/m/n
/10 f\OT1/cmr/m/n/10 1\OML/cmm/m/it/10 ; \OT1/cmr/m/n/10 (2\OML/cmm/m/it/10 KA[
]C=^^P\OT1/cmr/m/n/10 )[]\OMS/cmsy/m/n/10 g\OML/cmm/m/it/10 ;
 []

[20] [21] [22]
Overfull \hbox (65.85129pt too wide) in paragraph at lines 880--882
\OT1/cmr/m/n/10 sur-able thresh-old in-di-ca-tors. By the score mono-tonic-ity 
proved in $[]$,
 []

[23] [24] [25] [26]
Underfull \hbox (badness 1436) in paragraph at lines 1022--1023
[]\OT1/cmr/m/n/10 Cauchois, M., Gupta, S., Ali, A., and Duchi, J. C. (2020). Ro
-
 []

[27] (./writeup.aux) ) 
Here is how much of TeX's memory you used:
 1866 strings out of 478287
 26822 string characters out of 5849289
 323319 words of memory out of 5000000
 20081 multiletter control sequences out of 15000+600000
 476490 words of font info for 57 fonts, out of 8000000 for 9000
 1141 hyphenation exceptions out of 8191
 54i,9n,62p,1054b,219s stack positions out of 5000i,500n,10000p,200000b,80000s
{/usr/share/texmf/fonts/enc/dvips/cm-super/cm-super-ts1.e
nc}</usr/share/texlive/texmf-dist/fonts/type1/public/amsfonts/cm/cmbx10.pfb></u
sr/share/texlive/texmf-dist/fonts/type1/public/amsfonts/cm/cmbx12.pfb></usr/sha
re/texlive/texmf-dist/fonts/type1/public/amsfonts/cm/cmex10.pfb></usr/share/tex
live/texmf-dist/fonts/type1/public/amsfonts/cm/cmitt10.pfb></usr/share/texlive/
texmf-dist/fonts/type1/public/amsfonts/cm/cmmi10.pfb></usr/share/texlive/texmf-
dist/fonts/type1/public/amsfonts/cm/cmmi5.pfb></usr/share/texlive/texmf-dist/fo
nts/type1/public/amsfonts/cm/cmmi7.pfb></usr/share/texlive/texmf-dist/fonts/typ
e1/public/amsfonts/cm/cmr10.pfb></usr/share/texlive/texmf-dist/fonts/type1/publ
ic/amsfonts/cm/cmr5.pfb></usr/share/texlive/texmf-dist/fonts/type1/public/amsfo
nts/cm/cmr7.pfb></usr/share/texlive/texmf-dist/fonts/type1/public/amsfonts/cm/c
mss10.pfb></usr/share/texlive/texmf-dist/fonts/type1/public/amsfonts/cm/cmsy10.
pfb></usr/share/texlive/texmf-dist/fonts/type1/public/amsfonts/cm/cmsy7.pfb></u
sr/share/texlive/texmf-dist/fonts/type1/public/amsfonts/cm/cmti10.pfb></usr/sha
re/texlive/texmf-dist/fonts/type1/public/amsfonts/cm/cmtt10.pfb></usr/share/tex
live/texmf-dist/fonts/type1/public/amsfonts/euler/eufm10.pfb></usr/share/texliv
e/texmf-dist/fonts/type1/public/amsfonts/euler/eufm7.pfb></usr/share/texlive/te
xmf-dist/fonts/type1/public/amsfonts/symbols/msbm10.pfb></usr/share/texmf/fonts
/type1/public/cm-super/sfrm1000.pfb>
Output written on writeup.pdf (27 pages, 331009 bytes).
PDF statistics:
 188 PDF objects out of 1000 (max. 8388607)
 119 compressed objects within 2 object streams
 0 named destinations out of 1000 (max. 500000)
 1 words of extra memory for PDF output out of 10000 (max. 10000000)

