This is pdfTeX, Version 3.141592653-2.6-1.40.22 (TeX Live 2022/dev/Debian) (preloaded format=pdflatex 2026.5.23)  16 JUL 2026 19:06
entering extended mode
 restricted \write18 enabled.
 %&-line parsing enabled.
**doc/research/active/stat_gformula_composition_minimax/discovery/writeup.tex
(./doc/research/active/stat_gformula_composition_minimax/discovery/writeup.tex
LaTeX2e <2021-11-15> patch level 1
L3 programming layer <2022-01-21>
(/usr/share/texlive/texmf-dist/tex/latex/base/article.cls
Document Class: article 2021/10/04 v1.4n Standard LaTeX document class
(/usr/share/texlive/texmf-dist/tex/latex/base/size10.clo
File: size10.clo 2021/10/04 v1.4n Standard LaTeX file (size option)
)
\c@part=\count185
\c@section=\count186
\c@subsection=\count187
\c@subsubsection=\count188
\c@paragraph=\count189
\c@subparagraph=\count190
\c@figure=\count191
\c@table=\count192
\abovecaptionskip=\skip47
\belowcaptionskip=\skip48
\bibindent=\dimen138
)
(/usr/share/texlive/texmf-dist/tex/latex/amsmath/amsmath.sty
Package: amsmath 2021/10/15 v2.17l AMS math features
\@mathmargin=\skip49

For additional information on amsmath, use the `?' option.
(/usr/share/texlive/texmf-dist/tex/latex/amsmath/amstext.sty
Package: amstext 2021/08/26 v2.01 AMS text

(/usr/share/texlive/texmf-dist/tex/latex/amsmath/amsgen.sty
File: amsgen.sty 1999/11/30 v2.0 generic functions
\@emptytoks=\toks16
\ex@=\dimen139
))
(/usr/share/texlive/texmf-dist/tex/latex/amsmath/amsbsy.sty
Package: amsbsy 1999/11/29 v1.2d Bold Symbols
\pmbraise@=\dimen140
)
(/usr/share/texlive/texmf-dist/tex/latex/amsmath/amsopn.sty
Package: amsopn 2021/08/26 v2.02 operator names
)
\inf@bad=\count193
LaTeX Info: Redefining \frac on input line 234.
\uproot@=\count194
\leftroot@=\count195
LaTeX Info: Redefining \overline on input line 399.
\classnum@=\count196
\DOTSCASE@=\count197
LaTeX Info: Redefining \ldots on input line 496.
LaTeX Info: Redefining \dots on input line 499.
LaTeX Info: Redefining \cdots on input line 620.
\Mathstrutbox@=\box50
\strutbox@=\box51
\big@size=\dimen141
LaTeX Font Info:    Redeclaring font encoding OML on input line 743.
LaTeX Font Info:    Redeclaring font encoding OMS on input line 744.
\macc@depth=\count198
\c@MaxMatrixCols=\count199
\dotsspace@=\muskip16
\c@parentequation=\count266
\dspbrk@lvl=\count267
\tag@help=\toks17
\row@=\count268
\column@=\count269
\maxfields@=\count270
\andhelp@=\toks18
\eqnshift@=\dimen142
\alignsep@=\dimen143
\tagshift@=\dimen144
\tagwidth@=\dimen145
\totwidth@=\dimen146
\lineht@=\dimen147
\@envbody=\toks19
\multlinegap=\skip50
\multlinetaggap=\skip51
\mathdisplay@stack=\toks20
LaTeX Info: Redefining \[ on input line 2938.
LaTeX Info: Redefining \] on input line 2939.
)
(/usr/share/texlive/texmf-dist/tex/latex/amsfonts/amssymb.sty
Package: amssymb 2013/01/14 v3.01 AMS font symbols

(/usr/share/texlive/texmf-dist/tex/latex/amsfonts/amsfonts.sty
Package: amsfonts 2013/01/14 v3.01 Basic AMSFonts support
\symAMSa=\mathgroup4
\symAMSb=\mathgroup5
LaTeX Font Info:    Redeclaring math symbol \hbar on input line 98.
LaTeX Font Info:    Overwriting math alphabet `\mathfrak' in version `bold'
(Font)                  U/euf/m/n --> U/euf/b/n on input line 106.
))
(/usr/share/texlive/texmf-dist/tex/latex/amscls/amsthm.sty
Package: amsthm 2020/05/29 v2.20.6
\thm@style=\toks21
\thm@bodyfont=\toks22
\thm@headfont=\toks23
\thm@notefont=\toks24
\thm@headpunct=\toks25
\thm@preskip=\skip52
\thm@postskip=\skip53
\thm@headsep=\skip54
\dth@everypar=\toks26
)
\c@assumption=\count271
\c@definition=\count272
\c@theorem=\count273
\c@lemma=\count274
\c@proposition=\count275
\c@openendedquestion=\count276
\c@conjecture=\count277

(/usr/share/texlive/texmf-dist/tex/latex/l3backend/l3backend-pdftex.def
File: l3backend-pdftex.def 2022-01-12 L3 backend support: PDF output (pdfTeX)
\l__color_backend_stack_int=\count278
\l__pdf_internal_box=\box52
)
(doc/research/active/stat_gformula_composition_minimax/discovery/writeup.aux)
\openout1 = `writeup.aux'.

LaTeX Font Info:    Checking defaults for OML/cmm/m/it on input line 12.
LaTeX Font Info:    ... okay on input line 12.
LaTeX Font Info:    Checking defaults for OMS/cmsy/m/n on input line 12.
LaTeX Font Info:    ... okay on input line 12.
LaTeX Font Info:    Checking defaults for OT1/cmr/m/n on input line 12.
LaTeX Font Info:    ... okay on input line 12.
LaTeX Font Info:    Checking defaults for T1/cmr/m/n on input line 12.
LaTeX Font Info:    ... okay on input line 12.
LaTeX Font Info:    Checking defaults for TS1/cmr/m/n on input line 12.
LaTeX Font Info:    ... okay on input line 12.
LaTeX Font Info:    Checking defaults for OMX/cmex/m/n on input line 12.
LaTeX Font Info:    ... okay on input line 12.
LaTeX Font Info:    Checking defaults for U/cmr/m/n on input line 12.
LaTeX Font Info:    ... okay on input line 12.

Overfull \hbox (79.27446pt too wide) in paragraph at lines 14--14
[]\OT1/cmr/bx/n/14.4 stat[]gformula[]composition[]minimax (tran-si-tion[]smooth
ness[]
 []

LaTeX Font Info:    Trying to load font information for U+msa on input line 16.

(/usr/share/texlive/texmf-dist/tex/latex/amsfonts/umsa.fd
File: umsa.fd 2013/01/14 v3.01 AMS symbols A
)
LaTeX Font Info:    Trying to load font information for U+msb on input line 16.


(/usr/share/texlive/texmf-dist/tex/latex/amsfonts/umsb.fd
File: umsb.fd 2013/01/14 v3.01 AMS symbols B
)
LaTeX Font Info:    Trying to load font information for U+euf on input line 18.


(/usr/share/texlive/texmf-dist/tex/latex/amsfonts/ueuf.fd
File: ueuf.fd 2013/01/14 v3.01 Euler Fraktur
)
Overfull \hbox (3.04216pt too wide) in paragraph at lines 28--29
 \OT1/cmr/bx/n/10 Fill.[] \OT1/cmr/m/n/10 The con-tri-bu-tion is an ex-plicit n
on-match-ing bracket: a sample-measurable
 []

[1

{/var/lib/texmf/fonts/map/pdftex/updmap/pdftex.map}]
Overfull \hbox (4.3946pt too wide) in paragraph at lines 44--45
[]$\OML/cmm/m/it/10 H[]$ \OT1/cmr/m/n/10 --- \OT1/cmtt/m/n/10 first state\OT1/c
mr/m/n/10 ; $[0\OML/cmm/m/it/10 ; \OT1/cmr/m/n/10 1][]$; \OT1/cmtt/m/n/10 data 
$\OT1/cmr/m/n/10 :=$ \OT1/cmtt/m/n/10 State before the first decision. 
 []


Overfull \hbox (14.89452pt too wide) in paragraph at lines 45--46
[]$\OML/cmm/m/it/10 H[]$ \OT1/cmr/m/n/10 --- \OT1/cmtt/m/n/10 second state\OT1/
cmr/m/n/10 ; $[0\OML/cmm/m/it/10 ; \OT1/cmr/m/n/10 1][]$; \OT1/cmtt/m/n/10 data
 $\OT1/cmr/m/n/10 :=$ \OT1/cmtt/m/n/10 State before the second decision. 
 []

[2]
Overfull \hbox (7.64206pt too wide) in paragraph at lines 57--58
[]$\OML/cmm/m/it/10 m[]$ \OT1/cmr/m/n/10 --- \OT1/cmtt/m/n/10 backward regressi
on\OT1/cmr/m/n/10 ; $[0\OML/cmm/m/it/10 ; \OT1/cmr/m/n/10 1][] \OMS/cmsy/m/n/10
 ! \OT1/cmr/m/n/10 [\OMS/cmsy/m/n/10 ^^@\OT1/cmr/m/n/10 1\OML/cmm/m/it/10 ; \OT
1/cmr/m/n/10 1]$; \OT1/cmtt/m/n/10 nuisance $\OT1/cmr/m/n/10 :=$ $[] \OML/cmm/m
/it/10 m[]\OT1/cmr/m/n/10 (\OML/cmm/m/it/10 h[]\OT1/cmr/m/n/10 )\OML/cmm/m/it/1
0 g\OT1/cmr/m/n/10 (\OML/cmm/m/it/10 h[] \OMS/cmsy/m/n/10 j
 []


Overfull \hbox (16.8243pt too wide) in paragraph at lines 58--59
[]$\OML/cmm/m/it/10 Q[]$ \OT1/cmr/m/n/10 --- \OT1/cmtt/m/n/10 interventional la
w\OT1/cmr/m/n/10 ; \OT1/cmtt/m/n/10 probability measures\OT1/cmr/m/n/10 ; \OT1/
cmtt/m/n/10 integration measure
 []


Overfull \hbox (16.8243pt too wide) in paragraph at lines 59--60
[]$\OML/cmm/m/it/10 Q[]$ \OT1/cmr/m/n/10 --- \OT1/cmtt/m/n/10 interventional la
w\OT1/cmr/m/n/10 ; \OT1/cmtt/m/n/10 probability measures\OT1/cmr/m/n/10 ; \OT1/
cmtt/m/n/10 integration measure
 []


Overfull \hbox (9.47815pt too wide) in paragraph at lines 67--68
[]$[]$ \OT1/cmr/m/n/10 --- \OT1/cmtt/m/n/10 density bound\OT1/cmr/m/n/10 ; $(0\
OML/cmm/m/it/10 ; \OMS/cmsy/m/n/10 1\OT1/cmr/m/n/10 )$; \OT1/cmtt/m/n/10 parame
ter $\OT1/cmr/m/n/10 :=$ \OT1/cmtt/m/n/10 Lower design-density bound. 
 []


Overfull \hbox (9.47815pt too wide) in paragraph at lines 68--69
[]$[]$ \OT1/cmr/m/n/10 --- \OT1/cmtt/m/n/10 density bound\OT1/cmr/m/n/10 ; $(0\
OML/cmm/m/it/10 ; \OMS/cmsy/m/n/10 1\OT1/cmr/m/n/10 )$; \OT1/cmtt/m/n/10 parame
ter $\OT1/cmr/m/n/10 :=$ \OT1/cmtt/m/n/10 Upper design-density bound. 
 []


Overfull \hbox (11.19675pt too wide) in paragraph at lines 72--73
[]$\OMS/cmsy/m/n/10 M$ \OT1/cmr/m/n/10 --- \OT1/cmtt/m/n/10 model shorthand\OT1
/cmr/m/n/10 ; \OT1/cmtt/m/n/10 law classes\OT1/cmr/m/n/10 ; \OT1/cmtt/m/n/10 cl
ass $\OT1/cmr/m/n/10 :=$ $\OMS/cmsy/m/n/10 M \OT1/cmr/m/n/10 = \OMS/cmsy/m/n/10
 M\OT1/cmr/m/n/10 (\OML/cmm/m/it/10 []; []; ^^L; t\OT1/cmr/m/n/10 ; \OML/cmm/
m/it/10 M; c\OT1/cmr/m/n/10 )$. 
 []

[3]
Overfull \hbox (12.52774pt too wide) in paragraph at lines 77--78
[]$[]$ \OT1/cmr/m/n/10 --- \OT1/cmtt/m/n/10 estimator\OT1/cmr/m/n/10 ; $\U/msb/
m/n/10 R$\OT1/cmr/m/n/10 ; \OT1/cmtt/m/n/10 estimation object $\OT1/cmr/m/n/10 
:=$ \OT1/cmtt/m/n/10 Sample-measurable estimator
 []


Overfull \hbox (13.0905pt too wide) in paragraph at lines 81--82
[]$\OMS/cmsy/m/n/10 T\OML/cmm/m/it/10 ; \OMS/cmsy/m/n/10 B\OML/cmm/m/it/10 ; \O
MS/cmsy/m/n/10 G\OML/cmm/m/it/10 ; \OMS/cmsy/m/n/10 E$ \OT1/cmr/m/n/10 --- \OT1
/cmtt/m/n/10 folds\OT1/cmr/m/n/10 ; \OT1/cmtt/m/n/10 disjoint index sets\OT1/cm
r/m/n/10 ; \OT1/cmtt/m/n/10 fold provenance $\OT1/cmr/m/n/10 :=$ \OT1/cmtt/m/n/
10 Nuisance,
 []


Overfull \hbox (13.44545pt too wide) in paragraph at lines 87--88
[]$\OML/cmm/m/it/10 w[]; w[]; e[]; T[]$ \OT1/cmr/m/n/10 --- \OT1/cmtt/m/n/10 re
mainder notation\OT1/cmr/m/n/10 ; \OT1/cmtt/m/n/10 functions and operator\OT1/c
mr/m/n/10 ; \OT1/cmtt/m/n/10 analysis
 []


Overfull \hbox (6.16205pt too wide) in paragraph at lines 90--91
[]$\OML/cmm/m/it/10 K[]$ \OT1/cmr/m/n/10 --- \OT1/cmtt/m/n/10 projection kernel
\OT1/cmr/m/n/10 ; \OT1/cmtt/m/n/10 kernels\OT1/cmr/m/n/10 ; \OT1/cmtt/m/n/10 pr
ojection object $\OT1/cmr/m/n/10 :=$ \OT1/cmtt/m/n/10 First-state
 []


Overfull \hbox (11.412pt too wide) in paragraph at lines 91--92
[]$\OML/cmm/m/it/10 K[]$ \OT1/cmr/m/n/10 --- \OT1/cmtt/m/n/10 projection kernel
\OT1/cmr/m/n/10 ; \OT1/cmtt/m/n/10 kernels\OT1/cmr/m/n/10 ; \OT1/cmtt/m/n/10 pr
ojection object $\OT1/cmr/m/n/10 :=$ \OT1/cmtt/m/n/10 Second-state
 []


Overfull \hbox (5.84875pt too wide) in paragraph at lines 93--94
[]$\OML/cmm/m/it/10 S[]; R[]; T[]; S[]; []; T[]$ \OT1/cmr/m/n/10 --- \OT1/cmtt/
m/n/10 observable residuals\OT1/cmr/m/n/10 ; $\U/msb/m/n/10 R$\OT1/cmr/m/n/10 ;
 \OT1/cmtt/m/n/10 HOIF factor $\OT1/cmr/m/n/10 :=$ Resid-
 []

[4]
Overfull \hbox (6.26707pt too wide) in paragraph at lines 95--96
[]$\OML/cmm/m/it/10 U[]$ \OT1/cmr/m/n/10 --- \OT1/cmtt/m/n/10 U-statistic opera
tor\OT1/cmr/m/n/10 ; \OT1/cmtt/m/n/10 symmetric kernels to reals\OT1/cmr/m/n/10
 ; \OT1/cmtt/m/n/10 estimator
 []


Overfull \hbox (24.12956pt too wide) in paragraph at lines 97--98
[]$\OML/cmm/m/it/10 a[]; a[]; b; b[]$ \OT1/cmr/m/n/10 --- \OT1/cmtt/m/n/10 prel
iminary rates\OT1/cmr/m/n/10 ; \OT1/cmtt/m/n/10 positive sequences\OT1/cmr/m/n/
10 ; \OT1/cmtt/m/n/10 order calibration
 []


Overfull \hbox (14.33392pt too wide) in paragraph at lines 98--99
[]$\OML/cmm/m/it/10 u[]; v; v[]; J; h; z; ^^U; ^^Q; ^^O; ^^N; a; b[]$ \OT1/cmr/
m/n/10 --- \OT1/cmtt/m/n/10 fuzzy-experiment and rough-subclass
 []


Overfull \hbox (31.86739pt too wide) in paragraph at lines 98--99
\OT1/cmtt/m/n/10 objects\OT1/cmr/m/n/10 ; \OT1/cmtt/m/n/10 functions, indices, 
signs, amplitudes, likelihood channels,
 []


Overfull \hbox (24.43661pt too wide) in paragraph at lines 98--99
\OT1/cmr/m/n/10 and the rough com-para-tor con-struc-tion, in-clud-ing $\OML/cm
m/m/it/10 q; a; g[]; g[]; \OMS/cmsy/m/n/10 M[]\OML/cmm/m/it/10 ; F[]; E[]$\OT1/
cmr/m/n/10 . 
 []


Overfull \hbox (43.79166pt too wide) in paragraph at lines 99--100
[]$\OML/cmm/m/it/10 ^^W[]; ^^W[]; [][]; [][]$ \OT1/cmr/m/n/10 --- \OT1/cmtt/m/n
/10 mixtures\OT1/cmr/m/n/10 ; \OT1/cmtt/m/n/10 probability measures\OT1/cmr/m/n
/10 ; \OT1/cmtt/m/n/10 lower-bound construction
 []


Overfull \hbox (16.93915pt too wide) in paragraph at lines 103--104
[]$\OML/cmm/m/it/10 ^^V[]$ \OT1/cmr/m/n/10 --- \OT1/cmtt/m/n/10 potential-outco
me mean\OT1/cmr/m/n/10 ; \OT1/cmtt/m/n/10 functions\OT1/cmr/m/n/10 ; \OT1/cmtt/
m/n/10 lower-bound construction
 []


Overfull \hbox (14.37721pt too wide) in paragraph at lines 104--105
[]$\OML/cmm/m/it/10 U[]; U[]; U[]; U[]$ \OT1/cmr/m/n/10 --- \OT1/cmtt/m/n/10 ex
ogenous uniforms\OT1/cmr/m/n/10 ; \OT1/cmtt/m/n/10 uniform random variables\OT1
/cmr/m/n/10 ;
 []


Overfull \hbox (9.9973pt too wide) in paragraph at lines 104--105
\OT1/cmtt/m/n/10 causal construction $\OT1/cmr/m/n/10 :=$ \OT1/cmtt/m/n/10 Inde
pendent randomizers for the full-data
 []


Overfull \hbox (31.50409pt too wide) in paragraph at lines 105--106
[]$\OML/cmm/m/it/10 t[]; ^^R[]; w; v[]; ^^_; ^^X; \OMS/cmsy/m/n/10 G[]\OT1/cmr/
m/n/10 (\OML/cmm/m/it/10 M; ^^R[]\OT1/cmr/m/n/10 )$ --- \OT1/cmtt/m/n/10 separa
tion objects\OT1/cmr/m/n/10 ; \OT1/cmtt/m/n/10 parameters, functions,
 []


Overfull \hbox (8.6705pt too wide) in paragraph at lines 105--106
\OT1/cmtt/m/n/10 and a class\OT1/cmr/m/n/10 ; \OT1/cmtt/m/n/10 separation objec
t $\OT1/cmr/m/n/10 :=$ Ob-jects in $\OML/cmm/m/it/10 def \OT1/cmr/m/n/10 : \OML
/cmm/m/it/10 analytic \OMS/cmsy/m/n/10 ^^@ \OML/cmm/m/it/10 outgoing \OMS/cmsy/
m/n/10 ^^@
 []

[5]
Overfull \hbox (23.09126pt too wide) in paragraph at lines 178--179
\OT1/cmr/bx/n/10 Definition 1 \OT1/cmr/m/n/10 (def:holder-ball)\OT1/cmr/bx/n/10
 . $\OMS/cmsy/m/n/10 H[]\OT1/cmr/m/n/10 (\OML/cmm/m/it/10 M\OT1/cmr/m/n/10 )$ $
:=$ $\OMS/cmsy/m/n/10 H[]\OT1/cmr/m/n/10 (\OML/cmm/m/it/10 M\OT1/cmr/m/n/10 ) =
 \OMS/cmsy/m/n/10 f\OML/cmm/m/it/10 f \OT1/cmr/m/n/10 : [0\OML/cmm/m/it/10 ; \O
T1/cmr/m/n/10 1][] \OMS/cmsy/m/n/10 ! \U/msb/m/n/10 R \OT1/cmr/m/n/10 : \OMS/cm
sy/m/n/10 k\OML/cmm/m/it/10 f\OMS/cmsy/m/n/10 k[] ^^T
 []

[6]
Overfull \hbox (30.9692pt too wide) in paragraph at lines 186--187
\OT1/cmr/bx/n/10 Definition 3 \OT1/cmr/m/n/10 (def:longitudinal-model)\OT1/cmr/
bx/n/10 . $\OMS/cmsy/m/n/10 M\OT1/cmr/m/n/10 (\OML/cmm/m/it/10 []; []; ^^L; t
\OT1/cmr/m/n/10 ; \OML/cmm/m/it/10 M; c\OT1/cmr/m/n/10 )$ $:=$ $\OMS/cmsy/m/n/1
0 M\OT1/cmr/m/n/10 (\OML/cmm/m/it/10 []; []; ^^L; t\OT1/cmr/m/n/10 ; \OML/cmm
/m/it/10 M; c\OT1/cmr/m/n/10 ) =
 []


Overfull \hbox (926.40765pt too wide) in paragraph at lines 186--187
\OMS/cmsy/m/n/10 f\OML/cmm/m/it/10 P \OT1/cmr/m/n/10 : \OMS/cmsy/m/n/10 9[][]\O
ML/cmm/m/it/10 P[]\OMS/cmsy/m/n/10 g$\OT1/cmr/m/it/10 .
 []


Overfull \hbox (34.15306pt too wide) in paragraph at lines 186--187
\OT1/cmr/m/it/10 ass:exchangeability-two; ass:overlap-one; ass:overlap-two; ass
:outcome-state-sufficiency;
 []

LaTeX Font Info:    Trying to load font information for OMS+cmr on input line 1
90.
(/usr/share/texlive/texmf-dist/tex/latex/base/omscmr.fd
File: omscmr.fd 2019/12/16 v2.5j Standard LaTeX font definitions
)
LaTeX Font Info:    Font shape `OMS/cmr/m/it' in size <10> not available
(Font)              Font shape `OMS/cmsy/m/n' tried instead on input line 190.

Overfull \hbox (20.30856pt too wide) in paragraph at lines 190--191
\OT1/cmr/bx/n/10 Definition 4 \OT1/cmr/m/n/10 (def:gformula-objects)\OT1/cmr/bx
/n/10 . \OT1/cmtt/m/it/10 g-formula objects $\OT1/cmr/m/n/10 :=$ $\OML/cmm/m/it
/10 Q[] \OT1/cmr/m/n/10 = \OML/cmm/m/it/10 P[];  Q[]\OT1/cmr/m/n/10 (\OML/cmm/m
/it/10 dh[]\OT1/cmr/m/n/10 ) =
 []


Overfull \hbox (16.23439pt too wide) in paragraph at lines 190--191
[] \OML/cmm/m/it/10 P[]\OT1/cmr/m/n/10 (\OML/cmm/m/it/10 dh[]\OT1/cmr/m/n/10 )\
OML/cmm/m/it/10 g\OT1/cmr/m/n/10 (\OML/cmm/m/it/10 h[] \OMS/cmsy/m/n/10 j \OML/
cmm/m/it/10 h[]\OT1/cmr/m/n/10 ) \OML/cmm/m/it/10 dh[];  m[]\OT1/cmr/m/n/10 (\O
ML/cmm/m/it/10 h[]\OT1/cmr/m/n/10 ) = [] \OML/cmm/m/it/10 m[]\OT1/cmr/m/n/10 (\
OML/cmm/m/it/10 h[]\OT1/cmr/m/n/10 )\OML/cmm/m/it/10 g\OT1/cmr/m/n/10 (\OML/cmm
/m/it/10 h[] \OMS/cmsy/m/n/10 j \OML/cmm/m/it/10 h[]\OT1/cmr/m/n/10 ) \OML/cmm/
m/it/10 dh[];   \OT1/cmr/m/n/10 (\OML/cmm/m/it/10 P\OT1/cmr/m/n/10 ) = \OML/cmm
/m/it/10 E[]\OT1/cmr/m/n/10 [\OML/cmm/m/it/10 m[]\OT1/cmr/m/n/10 (\OML/cmm/m/it
/10 H[]\OT1/cmr/m/n/10 )]$\OT1/cmr/m/it/10 .
 []


Overfull \hbox (13.08888pt too wide) in paragraph at lines 210--211
\OT1/cmr/bx/n/10 Definition 9 \OT1/cmr/m/n/10 (def:direct-backward-estimator)\O
T1/cmr/bx/n/10 . \OT1/cmtt/m/it/10 direct-backward SDR estimator
 []


Overfull \hbox (40.69159pt too wide) in paragraph at lines 210--211
\OMS/cmsy/m/n/10 n\OT1/cmr/m/it/10 (O[]i\OMS/cmsy/m/n/10 n\OT1/cmr/m/it/10 ), \
OMS/cmsy/m/n/10 n\OT1/cmr/m/it/10 (\OMS/cmsy/m/n/10 n\OT1/cmr/m/it/10 mathcal T
,\OMS/cmsy/m/n/10 n\OT1/cmr/m/it/10 mathcal B,\OMS/cmsy/m/n/10 n\OT1/cmr/m/it/1
0 mathcal E\OMS/cmsy/m/n/10 n\OT1/cmr/m/it/10 ), \OMS/cmsy/m/n/10 n\OT1/cmr/m/i
t/10 (\OMS/cmsy/m/n/10 n\OT1/cmr/m/it/10 widehat\OMS/cmsy/m/n/10 n\OT1/cmr/m/it
/10 pi[]1,\OMS/cmsy/m/n/10 n\OT1/cmr/m/it/10 widehat\OMS/cmsy/m/n/10 n\OT1/cmr/
m/it/10 pi[]2,\OMS/cmsy/m/n/10 n\OT1/cmr/m/it/10 widehat
 []


Overfull \hbox (80.77142pt too wide) in paragraph at lines 214--215
\OT1/cmr/m/it/10 With $\OML/cmm/m/it/10 U[]f \OT1/cmr/m/n/10 = (\OMS/cmsy/m/n/1
0 jEj\OT1/cmr/m/n/10 )[] [][] \OML/cmm/m/it/10 f\OT1/cmr/m/n/10 (\OML/cmm/m/it/
10 O[]; [] ; O[]\OT1/cmr/m/n/10 )$\OT1/cmr/m/it/10 , de-fine $\OT1/cmr/m/n/10 ^
^A[] = (\OMS/cmsy/m/n/10 ^^@\OT1/cmr/m/n/10 1)[]\OML/cmm/m/it/10 U[] []\OT1/cmr
/m/n/10 [\OML/cmm/m/it/10 S[]K[]\OT1/cmr/m/n/10 (\OML/cmm/m/it/10 R[]K[]\OT1/cm
r/m/n/10 )[]\OML/cmm/m/it/10 T[]\OT1/cmr/m/n/10 ]$\OT1/cmr/m/it/10 ,
 []


Overfull \hbox (128.7023pt too wide) in paragraph at lines 214--215
\OT1/cmr/m/n/10 ^^A[] = (\OMS/cmsy/m/n/10 ^^@\OT1/cmr/m/n/10 1)[]\OML/cmm/m/it/
10 U[] []\OT1/cmr/m/n/10 [\OML/cmm/m/it/10 S[]K[]\OT1/cmr/m/n/10 ([]\OML/cmm/m/
it/10 K[]\OT1/cmr/m/n/10 )[]\OML/cmm/m/it/10 T[]\OT1/cmr/m/n/10 ]$\OT1/cmr/m/it
/10 , and $\OT1/cmr/m/n/10 ^^A[] = (\OMS/cmsy/m/n/10 ^^@\OT1/cmr/m/n/10 1)[]\OM
L/cmm/m/it/10 U[] []\OT1/cmr/m/n/10 [\OML/cmm/m/it/10 S[]K[]\OT1/cmr/m/n/10 (\O
ML/cmm/m/it/10 R[]K[]\OT1/cmr/m/n/10 )[]\OML/cmm/m/it/10 S[]K[]\OT1/cmr/m/n/10 
([]\OML/cmm/m/it/10 K[]\OT1/cmr/m/n/10 )[]\OML/cmm/m/it/10 T[]\OT1/cmr/m/n/10 ]
$\OT1/cmr/m/it/10 ,
 []


Overfull \hbox (40.64513pt too wide) in paragraph at lines 214--215
\OMS/cmsy/m/n/10 n\OT1/cmr/m/it/10 (\OMS/cmsy/m/n/10 n\OT1/cmr/m/it/10 widehat 
m[]2\OMS/cmsy/m/n/10 n\OT1/cmr/m/it/10 ), \OMS/cmsy/m/n/10 n\OT1/cmr/m/it/10 (\
OMS/cmsy/m/n/10 n\OT1/cmr/m/it/10 widehat\OMS/cmsy/m/n/10 n\OT1/cmr/m/it/10 pi[
]1,\OMS/cmsy/m/n/10 n\OT1/cmr/m/it/10 widehat\OMS/cmsy/m/n/10 n\OT1/cmr/m/it/10
 pi[]2\OMS/cmsy/m/n/10 n\OT1/cmr/m/it/10 ), \OMS/cmsy/m/n/10 n\OT1/cmr/m/it/10 
(K[]1\OMS/cmsy/m/n/10 n\OT1/cmr/m/it/10 ), \OMS/cmsy/m/n/10 n\OT1/cmr/m/it/10 (
K[]2\OMS/cmsy/m/n/10 n\OT1/cmr/m/it/10 ), \OMS/cmsy/m/n/10 n\OT1/cmr/m/it/10 (a
[]1,a[]2,b,b[]1\OMS/cmsy/m/n/10 n\OT1/cmr/m/it/10 ),
 []

[7]
Overfull \hbox (4.0614pt too wide) in paragraph at lines 218--219
\OT1/cmr/m/it/10 For ev-ery $\OML/cmm/m/it/10 # \OMS/cmsy/m/n/10 2 \OT1/cmr/m/n
/10 [\OMS/cmsy/m/n/10 ^^@\OT1/cmr/m/n/10 1\OML/cmm/m/it/10 =\OT1/cmr/m/n/10 4\O
ML/cmm/m/it/10 ; \OT1/cmr/m/n/10 1\OML/cmm/m/it/10 =\OT1/cmr/m/n/10 4]$\OT1/cmr
/m/it/10 , let $\OML/cmm/m/it/10 P[]$ \OT1/cmr/m/it/10 be the observed-data law
 with $\OML/cmm/m/it/10 H[] \OMS/cmsy/m/n/10 ^^X []\OT1/cmr/m/n/10 ([0\OML/cmm/
m/it/10 ; \OT1/cmr/m/n/10 1][])$\OT1/cmr/m/it/10 ,
 []


Overfull \hbox (26.17194pt too wide) in paragraph at lines 222--223
\OT1/cmr/bx/n/10 Definition 12 \OT1/cmr/m/n/10 (def:first-fuzzy-experiment)\OT1
/cmr/bx/n/10 . \OT1/cmtt/m/it/10 period-one paired fuzzy experiment
 []


Overfull \hbox (3.31561pt too wide) in paragraph at lines 222--223
\OT1/cmtt/m/it/10 and rough comparator subclass $\OT1/cmr/m/n/10 :=$ \OT1/cmr/m
/it/10 Choose a nonzero $\OML/cmm/m/it/10 C[]$ \OT1/cmr/m/it/10 reflection-odd 
bump
 []


Overfull \hbox (92.31772pt too wide) in paragraph at lines 222--223
\OML/cmm/m/it/10 m[] \OT1/cmr/m/n/10 = \OML/cmm/m/it/10 ^^Nv$\OT1/cmr/m/it/10 .
 The flat-base fam-ily used by $[]$
 []


Overfull \hbox (23.33319pt too wide) detected at line 235
\OML/cmm/m/it/10 q\OT1/cmr/m/n/10 (\OML/cmm/m/it/10 h[]\OT1/cmr/m/n/10 ) = \OT1
/cmr/bx/n/10 1\OMS/cmsy/m/n/10 f\OML/cmm/m/it/10 h[] \OMS/cmsy/m/n/10 ^^T \OT1/
cmr/m/n/10 1\OML/cmm/m/it/10 =\OT1/cmr/m/n/10 2\OMS/cmsy/m/n/10 g ^^@ \OT1/cmr/
bx/n/10 1\OMS/cmsy/m/n/10 f\OML/cmm/m/it/10 h[] > \OT1/cmr/m/n/10 1\OML/cmm/m/i
t/10 =\OT1/cmr/m/n/10 2\OMS/cmsy/m/n/10 g\OML/cmm/m/it/10 ;  a\OT1/cmr/m/n/10 (
\OML/cmm/m/it/10 h[]\OT1/cmr/m/n/10 ) = [](2\OML/cmm/m/it/10 ^^Yh[]\OT1/cmr/m/n
/10 )\OML/cmm/m/it/10 ;  v\OT1/cmr/m/n/10 (\OML/cmm/m/it/10 h[]\OT1/cmr/m/n/10 
) = [](4\OML/cmm/m/it/10 ^^Yh[]\OT1/cmr/m/n/10 )\OML/cmm/m/it/10 ;
 []


Overfull \hbox (125.46942pt too wide) detected at line 250
\OMS/cmsy/m/n/10 M[] \OT1/cmr/m/n/10 = [] \OML/cmm/m/it/10 :
 []

[8]
Overfull \hbox (29.17186pt too wide) detected at line 274
\OML/cmm/m/it/10 P\OT1/cmr/m/n/10 (\OML/cmm/m/it/10 R[] \OT1/cmr/m/n/10 = 1 \OM
S/cmsy/m/n/10 j \OML/cmm/m/it/10 L[]; L[]; Y[]\OT1/cmr/m/n/10 ) = \OML/cmm/m/it
/10 ^^Y[]\OT1/cmr/m/n/10 (\OML/cmm/m/it/10 L[]\OT1/cmr/m/n/10 )\OML/cmm/m/it/10
 ;  P\OT1/cmr/m/n/10 (\OML/cmm/m/it/10 R[] \OT1/cmr/m/n/10 = 1 \OMS/cmsy/m/n/10
 j \OML/cmm/m/it/10 R[] \OT1/cmr/m/n/10 = 1\OML/cmm/m/it/10 ; L[]; L[]; Y[]\OT1
/cmr/m/n/10 ) = \OML/cmm/m/it/10 ^^Y[]\OT1/cmr/m/n/10 (\OML/cmm/m/it/10 L[]\OT1
/cmr/m/n/10 )\OML/cmm/m/it/10 :
 []


Overfull \hbox (37.81084pt too wide) in paragraph at lines 285--286
\OT1/cmr/bx/n/10 Definition 13 \OT1/cmr/m/n/10 (def:second-fuzzy-experiment)\OT
1/cmr/bx/n/10 . \OT1/cmtt/m/it/10 period-two paired fuzzy experiment
 []

[9]
Overfull \hbox (36.98235pt too wide) in paragraph at lines 304--305
\OT1/cmr/bx/n/10 Definition 14 \OT1/cmr/m/n/10 (def:analytic-outgoing-subclass)
\OT1/cmr/bx/n/10 . $\OMS/cmsy/m/n/10 G[]\OT1/cmr/m/n/10 (\OML/cmm/m/it/10 M; ^^
R[]\OT1/cmr/m/n/10 )$ $:=$ $\OML/cmm/m/it/10 v[]\OT1/cmr/m/n/10 (\OML/cmm/m/it/
10 h[]\OT1/cmr/m/n/10 ) = [] [](2\OML/cmm/m/it/10 ^^Yh[]\OT1/cmr/m/n/10 )$
 []


Overfull \hbox (35.3648pt too wide) in paragraph at lines 310--311
\OT1/cmr/bx/n/10 Lemma 1 \OT1/cmr/m/n/10 (lem:gformula)\OT1/cmr/bx/n/10 . \OT1/
cmr/m/it/10 For ev-ery $\OML/cmm/m/it/10 P \OMS/cmsy/m/n/10 2 M\OT1/cmr/m/n/10 
(\OML/cmm/m/it/10 []; []; ^^L; t\OT1/cmr/m/n/10 ; \OML/cmm/m/it/10 M; c\OT1/c
mr/m/n/10 )$\OT1/cmr/m/it/10 , $\OML/cmm/m/it/10  \OT1/cmr/m/n/10 (\OML/cmm/m/i
t/10 P\OT1/cmr/m/n/10 ) = \OML/cmm/m/it/10 E[]\OT1/cmr/m/n/10 [\OML/cmm/m/it/10
 m[]\OT1/cmr/m/n/10 (\OML/cmm/m/it/10 H[]\OT1/cmr/m/n/10 )] =
 []


Overfull \hbox (84.77206pt too wide) detected at line 316
\OML/cmm/m/it/10 E[]\OMS/cmsy/m/n/10 f\OML/cmm/m/it/10 Y\OT1/cmr/m/n/10 (1\OML/
cmm/m/it/10 ; \OT1/cmr/m/n/10 1) \OMS/cmsy/m/n/10 j \OML/cmm/m/it/10 H[] \OT1/c
mr/m/n/10 = \OML/cmm/m/it/10 h[]; A[] \OT1/cmr/m/n/10 = 1\OMS/cmsy/m/n/10 g \OT
1/cmr/m/n/10 = [] \OML/cmm/m/it/10 E[]\OMS/cmsy/m/n/10 f\OML/cmm/m/it/10 Y\OT1/
cmr/m/n/10 (1\OML/cmm/m/it/10 ; \OT1/cmr/m/n/10 1) \OMS/cmsy/m/n/10 j \OML/cmm/
m/it/10 H[] \OT1/cmr/m/n/10 = \OML/cmm/m/it/10 h[]; H[] \OT1/cmr/m/n/10 = \OML/
cmm/m/it/10 h[]; A[] \OT1/cmr/m/n/10 = 1\OML/cmm/m/it/10 ; A[] \OT1/cmr/m/n/10 
= 1\OMS/cmsy/m/n/10 g\OML/cmm/m/it/10 g\OT1/cmr/m/n/10 (\OML/cmm/m/it/10 h[] \O
MS/cmsy/m/n/10 j \OML/cmm/m/it/10 h[]\OT1/cmr/m/n/10 ) \OML/cmm/m/it/10 dh[]:
 []

[10]
Overfull \hbox (3.5973pt too wide) in paragraph at lines 326--326
\OT1/cmr/bx/n/10 Lemma 2 \OT1/cmr/m/n/10 (lem:direct-bias)\OT1/cmr/bx/n/10 . \O
T1/cmr/m/it/10 For $\OML/cmm/m/it/10 O[]; [] ; O[] [] P$ \OT1/cmr/m/it/10 with 
$\OML/cmm/m/it/10 P \OMS/cmsy/m/n/10 2 M\OT1/cmr/m/n/10 (\OML/cmm/m/it/10 []; 
[]; ^^L; t\OT1/cmr/m/n/10 ; \OML/cmm/m/it/10 M; c\OT1/cmr/m/n/10 )$\OT1/cmr/m/
it/10 ,
 []

[11]
Overfull \hbox (11.65799pt too wide) detected at line 351
\OMS/cmsy/m/n/10 A[] \OT1/cmr/m/n/10 = \OMS/cmsy/m/n/10 G[]\OT1/cmr/m/n/10 (\OM
L/cmm/m/it/10 M; ^^R[]\OT1/cmr/m/n/10 ) \OMS/cmsy/m/n/10 \ G[]\OT1/cmr/m/n/10 (
\OML/cmm/m/it/10 M\OT1/cmr/m/n/10 )\OML/cmm/m/it/10 ;  \OMS/cmsy/m/n/10 M[] \OT
1/cmr/m/n/10 = \OMS/cmsy/m/n/10 f\OML/cmm/m/it/10 P \OMS/cmsy/m/n/10 2 M\OT1/cm
r/m/n/10 (\OML/cmm/m/it/10 []; []; ^^L; t[]\OT1/cmr/m/n/10 ; \OML/cmm/m/it/10
 M; c\OT1/cmr/m/n/10 ) : \OML/cmm/m/it/10 g \OMS/cmsy/m/n/10 2 A[]g\OML/cmm/m/i
t/10 :
 []

[12] [13]
Overfull \hbox (0.40323pt too wide) in paragraph at lines 397--399
\OT1/cmr/m/it/10 No one fi-nite rect-an-gle works uni-formly over the full pos-
i-tive asym-met-ric smooth-
 []


Overfull \hbox (16.40387pt too wide) in paragraph at lines 401--402
[]\OT1/cmr/m/n/10 The for-mula for $\OMS/cmsy/m/n/10 I[]$\OT1/cmr/m/n/10 , its 
finite-ness and inclusion-minimality, and the necessary-
 []


Overfull \hbox (34.80441pt too wide) in paragraph at lines 401--402
\OT1/cmr/m/n/10 and-sufficient rect-an-gle in-equal-i-ties fol-low from $[]$.
 []

[14]
Overfull \hbox (70.46188pt too wide) in paragraph at lines 466--468
\OT1/cmr/m/n/10 ances, or stochas-tic trans-port re-main-ders. In par-tic-u-lar
, $[]$
 []


Overfull \hbox (14.62419pt too wide) in paragraph at lines 469--470
\OT1/cmr/m/it/10 Justification. \OT1/cmr/m/n/10 The the-o-rem ex-actly char-ac-
ter-izes de-ter-min-is-tic mono-mial correction-
 []


Overfull \hbox (2.51837pt too wide) in paragraph at lines 472--473
\OT1/cmr/m/it/10 Con-di-tion-ally on $\OMS/cmsy/m/n/10 A$\OT1/cmr/m/it/10 , let
 $\OT1/cmr/m/n/10 (\OML/cmm/m/it/10 X[]; S[]; W[]\OT1/cmr/m/n/10 )[]$ \OT1/cmr/
m/it/10 be in-de-pen-dent and iden-ti-cally dis-tributed,
 []

[15] [16]
Overfull \hbox (61.97038pt too wide) in paragraph at lines 559--560
\OT1/cmr/bx/n/10 Lemma 4 \OT1/cmr/m/n/10 (lem:treated-design-and-backward-regul
arity)\OT1/cmr/bx/n/10 . \OT1/cmr/m/it/10 For ev-ery $\OML/cmm/m/it/10 P \OMS/c
msy/m/n/10 2 M\OT1/cmr/m/n/10 (\OML/cmm/m/it/10 []; []; ^^L; t\OT1/cmr/m/n/10
 ; \OML/cmm/m/it/10 M; c\OT1/cmr/m/n/10 )$\OT1/cmr/m/it/10 ,
 []

[17] [18]
Overfull \hbox (29.17186pt too wide) detected at line 624
\OML/cmm/m/it/10 P\OT1/cmr/m/n/10 (\OML/cmm/m/it/10 R[] \OT1/cmr/m/n/10 = 1 \OM
S/cmsy/m/n/10 j \OML/cmm/m/it/10 L[]; L[]; Y[]\OT1/cmr/m/n/10 ) = \OML/cmm/m/it
/10 ^^Y[]\OT1/cmr/m/n/10 (\OML/cmm/m/it/10 L[]\OT1/cmr/m/n/10 )\OML/cmm/m/it/10
 ;  P\OT1/cmr/m/n/10 (\OML/cmm/m/it/10 R[] \OT1/cmr/m/n/10 = 1 \OMS/cmsy/m/n/10
 j \OML/cmm/m/it/10 R[] \OT1/cmr/m/n/10 = 1\OML/cmm/m/it/10 ; L[]; L[]; Y[]\OT1
/cmr/m/n/10 ) = \OML/cmm/m/it/10 ^^Y[]\OT1/cmr/m/n/10 (\OML/cmm/m/it/10 L[]\OT1
/cmr/m/n/10 )\OML/cmm/m/it/10 ;
 []

[19] [20]
Overfull \hbox (96.60295pt too wide) in paragraph at lines 671--672
[]\OT1/cmr/m/n/10 For any $\OML/cmm/m/it/10 P \OMS/cmsy/m/n/10 2 M[]$\OT1/cmr/m
/n/10 , use the reg-u-lar con-di-tional ker-nel $\OML/cmm/m/it/10 K[]$ \OT1/cmr
/m/n/10 fixed in $[]$.
 []


Overfull \hbox (36.13657pt too wide) in paragraph at lines 690--692
\OT1/cmr/m/n/10 laws now fol-lows from $[]$. 
 []

[21]
Overfull \hbox (13.51855pt too wide) in paragraph at lines 708--710
\OT1/cmr/m/n/10 The tar-get un-der the com-mon base is zero be-cause $[] [] \OM
L/cmm/m/it/10 ^^Nvg[] \OT1/cmr/m/n/10 = \OML/cmm/m/it/10 ^^N [] v \OT1/cmr/m/n/
10 + \OML/cmm/m/it/10 ^^N^^T\OT1/cmr/m/n/10 ([] \OML/cmm/m/it/10 a\OT1/cmr/m/n/
10 )([] \OML/cmm/m/it/10 qv\OT1/cmr/m/n/10 ) =
 []


Overfull \hbox (25.25064pt too wide) in paragraph at lines 724--726
\OT1/cmr/m/n/10 Taking the fixed am-pli-tude con-stants suf-fi-ciently small ma
kes the affin-ity $[] []$
 []

[22] [23] [24] [25]
Overfull \hbox (36.30803pt too wide) detected at line 839
[][]\OT1/cmr/m/n/10 (\OML/cmm/m/it/10 W \OMS/cmsy/m/n/10 j \OML/cmm/m/it/10 X; 
S\OT1/cmr/m/n/10 )(\OML/cmm/m/it/10 x\OT1/cmr/m/n/10 ) = [][]  [] \OML/cmm/m/it
/10 ;
 []


Overfull \hbox (31.16016pt too wide) in paragraph at lines 855--856
[]\OT1/cmr/m/it/10 First-order re-gres-sion rates. \OT1/cmr/m/n/10 By $[]$,
 []

[26]
Overfull \hbox (20.3172pt too wide) in paragraph at lines 856--858
\OT1/cmr/m/n/10 with a uni-form $\OML/cmm/m/it/10 C[]$\OT1/cmr/m/n/10 -norm bou
nd. Ap-ply $[]$,
 []


Overfull \hbox (8.02267pt too wide) detected at line 875
[][] \OMS/cmsy/m/n/10 ^^T \OML/cmm/m/it/10 Ch[];  [][] \OMS/cmsy/m/n/10 ^^T \OM
L/cmm/m/it/10 Ch[]:
 []

[27]
Overfull \hbox (3.334pt too wide) in paragraph at lines 882--883
\OT1/cmr/m/n/10 ref-er-ence law, the vary-ing part of the one-observation like-
li-hood ra-tio has disjoint-
 []

[28] [29] [30] [31]
(doc/research/active/stat_gformula_composition_minimax/discovery/writeup.aux) )
 
Here is how much of TeX's memory you used:
 1872 strings out of 478287
 27694 string characters out of 5849289
 329319 words of memory out of 5000000
 20089 multiletter control sequences out of 15000+600000
 475585 words of font info for 54 fonts, out of 8000000 for 9000
 1141 hyphenation exceptions out of 8191
 54i,14n,62p,2071b,217s stack positions out of 5000i,500n,10000p,200000b,80000s
{/usr/share/texmf/fonts/enc/dvips/cm-super/cm-super-ts1.enc}</usr/share/texlive
/texmf-dist/fonts/type1/public/amsfonts/cm/cmbx10.pfb></usr/share/texlive/texmf
-dist/fonts/type1/public/amsfonts/cm/cmbx12.pfb></usr/share/texlive/texmf-dist/
fonts/type1/public/amsfonts/cm/cmex10.pfb></usr/share/texlive/texmf-dist/fonts/
type1/public/amsfonts/cmextra/cmex7.pfb></usr/share/texlive/texmf-dist/fonts/ty
pe1/public/amsfonts/cm/cmitt10.pfb></usr/share/texlive/texmf-dist/fonts/type1/p
ublic/amsfonts/cm/cmmi10.pfb></usr/share/texlive/texmf-dist/fonts/type1/public/
amsfonts/cm/cmmi5.pfb></usr/share/texlive/texmf-dist/fonts/type1/public/amsfont
s/cm/cmmi7.pfb></usr/share/texlive/texmf-dist/fonts/type1/public/amsfonts/cm/cm
r10.pfb></usr/share/texlive/texmf-dist/fonts/type1/public/amsfonts/cm/cmr5.pfb>
</usr/share/texlive/texmf-dist/fonts/type1/public/amsfonts/cm/cmr7.pfb></usr/sh
are/texlive/texmf-dist/fonts/type1/public/amsfonts/cm/cmsy10.pfb></usr/share/te
xlive/texmf-dist/fonts/type1/public/amsfonts/cm/cmsy5.pfb></usr/share/texlive/t
exmf-dist/fonts/type1/public/amsfonts/cm/cmsy7.pfb></usr/share/texlive/texmf-di
st/fonts/type1/public/amsfonts/cm/cmti10.pfb></usr/share/texlive/texmf-dist/fon
ts/type1/public/amsfonts/cm/cmtt10.pfb></usr/share/texlive/texmf-dist/fonts/typ
e1/public/amsfonts/euler/eufm10.pfb></usr/share/texlive/texmf-dist/fonts/type1/
public/amsfonts/symbols/msam10.pfb></usr/share/texlive/texmf-dist/fonts/type1/p
ublic/amsfonts/symbols/msbm10.pfb></usr/share/texmf/fonts/type1/public/cm-super
/sfrm1000.pfb>
Output written on doc/research/active/stat_gformula_composition_minimax/discove
ry/writeup.pdf (31 pages, 389662 bytes).
PDF statistics:
 206 PDF objects out of 1000 (max. 8388607)
 131 compressed objects within 2 object streams
 0 named destinations out of 1000 (max. 500000)
 1 words of extra memory for PDF output out of 10000 (max. 10000000)

