This is pdfTeX, Version 3.141592653-2.6-1.40.22 (TeX Live 2022/dev/Debian) (preloaded format=pdflatex 2026.5.5)  14 MAY 2026 13:54
entering extended mode
 restricted \write18 enabled.
 %&-line parsing enabled.
**pid_dose_response_shape_v1.tex
(./pid_dose_response_shape_v1.tex
LaTeX2e <2021-11-15> patch level 1
L3 programming layer <2022-01-21>
(/usr/share/texlive/texmf-dist/tex/latex/base/article.cls
Document Class: article 2021/10/04 v1.4n Standard LaTeX document class
(/usr/share/texlive/texmf-dist/tex/latex/base/size11.clo
File: size11.clo 2021/10/04 v1.4n Standard LaTeX file (size option)
)
\c@part=\count185
\c@section=\count186
\c@subsection=\count187
\c@subsubsection=\count188
\c@paragraph=\count189
\c@subparagraph=\count190
\c@figure=\count191
\c@table=\count192
\abovecaptionskip=\skip47
\belowcaptionskip=\skip48
\bibindent=\dimen138
)
(/usr/share/texlive/texmf-dist/tex/latex/amsmath/amsmath.sty
Package: amsmath 2021/10/15 v2.17l AMS math features
\@mathmargin=\skip49

For additional information on amsmath, use the `?' option.
(/usr/share/texlive/texmf-dist/tex/latex/amsmath/amstext.sty
Package: amstext 2021/08/26 v2.01 AMS text

(/usr/share/texlive/texmf-dist/tex/latex/amsmath/amsgen.sty
File: amsgen.sty 1999/11/30 v2.0 generic functions
\@emptytoks=\toks16
\ex@=\dimen139
))
(/usr/share/texlive/texmf-dist/tex/latex/amsmath/amsbsy.sty
Package: amsbsy 1999/11/29 v1.2d Bold Symbols
\pmbraise@=\dimen140
)
(/usr/share/texlive/texmf-dist/tex/latex/amsmath/amsopn.sty
Package: amsopn 2021/08/26 v2.02 operator names
)
\inf@bad=\count193
LaTeX Info: Redefining \frac on input line 234.
\uproot@=\count194
\leftroot@=\count195
LaTeX Info: Redefining \overline on input line 399.
\classnum@=\count196
\DOTSCASE@=\count197
LaTeX Info: Redefining \ldots on input line 496.
LaTeX Info: Redefining \dots on input line 499.
LaTeX Info: Redefining \cdots on input line 620.
\Mathstrutbox@=\box50
\strutbox@=\box51
\big@size=\dimen141
LaTeX Font Info:    Redeclaring font encoding OML on input line 743.
LaTeX Font Info:    Redeclaring font encoding OMS on input line 744.
\macc@depth=\count198
\c@MaxMatrixCols=\count199
\dotsspace@=\muskip16
\c@parentequation=\count266
\dspbrk@lvl=\count267
\tag@help=\toks17
\row@=\count268
\column@=\count269
\maxfields@=\count270
\andhelp@=\toks18
\eqnshift@=\dimen142
\alignsep@=\dimen143
\tagshift@=\dimen144
\tagwidth@=\dimen145
\totwidth@=\dimen146
\lineht@=\dimen147
\@envbody=\toks19
\multlinegap=\skip50
\multlinetaggap=\skip51
\mathdisplay@stack=\toks20
LaTeX Info: Redefining \[ on input line 2938.
LaTeX Info: Redefining \] on input line 2939.
)
(/usr/share/texlive/texmf-dist/tex/latex/amsfonts/amssymb.sty
Package: amssymb 2013/01/14 v3.01 AMS font symbols

(/usr/share/texlive/texmf-dist/tex/latex/amsfonts/amsfonts.sty
Package: amsfonts 2013/01/14 v3.01 Basic AMSFonts support
\symAMSa=\mathgroup4
\symAMSb=\mathgroup5
LaTeX Font Info:    Redeclaring math symbol \hbar on input line 98.
LaTeX Font Info:    Overwriting math alphabet `\mathfrak' in version `bold'
(Font)                  U/euf/m/n --> U/euf/b/n on input line 106.
))
(/usr/share/texlive/texmf-dist/tex/latex/amscls/amsthm.sty
Package: amsthm 2020/05/29 v2.20.6
\thm@style=\toks21
\thm@bodyfont=\toks22
\thm@headfont=\toks23
\thm@notefont=\toks24
\thm@headpunct=\toks25
\thm@preskip=\skip52
\thm@postskip=\skip53
\thm@headsep=\skip54
\dth@everypar=\toks26
)
(/usr/share/texlive/texmf-dist/tex/latex/mathtools/mathtools.sty
Package: mathtools 2021/02/02 v1.28 mathematical typesetting tools

(/usr/share/texlive/texmf-dist/tex/latex/graphics/keyval.sty
Package: keyval 2014/10/28 v1.15 key=value parser (DPC)
\KV@toks@=\toks27
)
(/usr/share/texlive/texmf-dist/tex/latex/tools/calc.sty
Package: calc 2017/05/25 v4.3 Infix arithmetic (KKT,FJ)
\calc@Acount=\count271
\calc@Bcount=\count272
\calc@Adimen=\dimen148
\calc@Bdimen=\dimen149
\calc@Askip=\skip55
\calc@Bskip=\skip56
LaTeX Info: Redefining \setlength on input line 80.
LaTeX Info: Redefining \addtolength on input line 81.
\calc@Ccount=\count273
\calc@Cskip=\skip57
)
(/usr/share/texlive/texmf-dist/tex/latex/mathtools/mhsetup.sty
Package: mhsetup 2021/03/18 v1.4 programming setup (MH)
)
\g_MT_multlinerow_int=\count274
\l_MT_multwidth_dim=\dimen150
\origjot=\skip58
\l_MT_shortvdotswithinadjustabove_dim=\dimen151
\l_MT_shortvdotswithinadjustbelow_dim=\dimen152
\l_MT_above_intertext_sep=\dimen153
\l_MT_below_intertext_sep=\dimen154
\l_MT_above_shortintertext_sep=\dimen155
\l_MT_below_shortintertext_sep=\dimen156
\xmathstrut@box=\box52
\xmathstrut@dim=\dimen157
)
(/usr/share/texlive/texmf-dist/tex/latex/enumitem/enumitem.sty
Package: enumitem 2019/06/20 v3.9 Customized lists
\labelindent=\skip59
\enit@outerparindent=\dimen158
\enit@toks=\toks28
\enit@inbox=\box53
\enit@count@id=\count275
\enitdp@description=\count276
)
(/usr/share/texlive/texmf-dist/tex/latex/hyperref/hyperref.sty
Package: hyperref 2021-06-07 v7.00m Hypertext links for LaTeX

(/usr/share/texlive/texmf-dist/tex/generic/ltxcmds/ltxcmds.sty
Package: ltxcmds 2020-05-10 v1.25 LaTeX kernel commands for general use (HO)
)
(/usr/share/texlive/texmf-dist/tex/generic/iftex/iftex.sty
Package: iftex 2020/03/06 v1.0d TeX engine tests
)
(/usr/share/texlive/texmf-dist/tex/generic/pdftexcmds/pdftexcmds.sty
Package: pdftexcmds 2020-06-27 v0.33 Utility functions of pdfTeX for LuaTeX (HO
)

(/usr/share/texlive/texmf-dist/tex/generic/infwarerr/infwarerr.sty
Package: infwarerr 2019/12/03 v1.5 Providing info/warning/error messages (HO)
)
Package pdftexcmds Info: \pdf@primitive is available.
Package pdftexcmds Info: \pdf@ifprimitive is available.
Package pdftexcmds Info: \pdfdraftmode found.
)
(/usr/share/texlive/texmf-dist/tex/generic/kvsetkeys/kvsetkeys.sty
Package: kvsetkeys 2019/12/15 v1.18 Key value parser (HO)
)
(/usr/share/texlive/texmf-dist/tex/generic/kvdefinekeys/kvdefinekeys.sty
Package: kvdefinekeys 2019-12-19 v1.6 Define keys (HO)
)
(/usr/share/texlive/texmf-dist/tex/generic/pdfescape/pdfescape.sty
Package: pdfescape 2019/12/09 v1.15 Implements pdfTeX's escape features (HO)
)
(/usr/share/texlive/texmf-dist/tex/latex/hycolor/hycolor.sty
Package: hycolor 2020-01-27 v1.10 Color options for hyperref/bookmark (HO)
)
(/usr/share/texlive/texmf-dist/tex/latex/letltxmacro/letltxmacro.sty
Package: letltxmacro 2019/12/03 v1.6 Let assignment for LaTeX macros (HO)
)
(/usr/share/texlive/texmf-dist/tex/latex/auxhook/auxhook.sty
Package: auxhook 2019-12-17 v1.6 Hooks for auxiliary files (HO)
)
(/usr/share/texlive/texmf-dist/tex/latex/kvoptions/kvoptions.sty
Package: kvoptions 2020-10-07 v3.14 Key value format for package options (HO)
)
\@linkdim=\dimen159
\Hy@linkcounter=\count277
\Hy@pagecounter=\count278

(/usr/share/texlive/texmf-dist/tex/latex/hyperref/pd1enc.def
File: pd1enc.def 2021-06-07 v7.00m Hyperref: PDFDocEncoding definition (HO)
Now handling font encoding PD1 ...
... no UTF-8 mapping file for font encoding PD1
)
(/usr/share/texlive/texmf-dist/tex/latex/hyperref/hyperref-langpatches.def
File: hyperref-langpatches.def 2021-06-07 v7.00m Hyperref: patches for babel la
nguages
)
(/usr/share/texlive/texmf-dist/tex/generic/intcalc/intcalc.sty
Package: intcalc 2019/12/15 v1.3 Expandable calculations with integers (HO)
)
(/usr/share/texlive/texmf-dist/tex/generic/etexcmds/etexcmds.sty
Package: etexcmds 2019/12/15 v1.7 Avoid name clashes with e-TeX commands (HO)
)
\Hy@SavedSpaceFactor=\count279

(/usr/share/texlive/texmf-dist/tex/latex/hyperref/puenc.def
File: puenc.def 2021-06-07 v7.00m Hyperref: PDF Unicode definition (HO)
Now handling font encoding PU ...
... no UTF-8 mapping file for font encoding PU
)
Package hyperref Info: Option `colorlinks' set `true' on input line 4073.
Package hyperref Info: Hyper figures OFF on input line 4192.
Package hyperref Info: Link nesting OFF on input line 4197.
Package hyperref Info: Hyper index ON on input line 4200.
Package hyperref Info: Plain pages OFF on input line 4207.
Package hyperref Info: Backreferencing OFF on input line 4212.
Package hyperref Info: Implicit mode ON; LaTeX internals redefined.
Package hyperref Info: Bookmarks ON on input line 4445.
\c@Hy@tempcnt=\count280

(/usr/share/texlive/texmf-dist/tex/latex/url/url.sty
\Urlmuskip=\muskip17
Package: url 2013/09/16  ver 3.4  Verb mode for urls, etc.
)
LaTeX Info: Redefining \url on input line 4804.
\XeTeXLinkMargin=\dimen160

(/usr/share/texlive/texmf-dist/tex/generic/bitset/bitset.sty
Package: bitset 2019/12/09 v1.3 Handle bit-vector datatype (HO)

(/usr/share/texlive/texmf-dist/tex/generic/bigintcalc/bigintcalc.sty
Package: bigintcalc 2019/12/15 v1.5 Expandable calculations on big integers (HO
)
))
\Fld@menulength=\count281
\Field@Width=\dimen161
\Fld@charsize=\dimen162
Package hyperref Info: Hyper figures OFF on input line 6076.
Package hyperref Info: Link nesting OFF on input line 6081.
Package hyperref Info: Hyper index ON on input line 6084.
Package hyperref Info: backreferencing OFF on input line 6091.
Package hyperref Info: Link coloring ON on input line 6094.
Package hyperref Info: Link coloring with OCG OFF on input line 6101.
Package hyperref Info: PDF/A mode OFF on input line 6106.
LaTeX Info: Redefining \ref on input line 6146.
LaTeX Info: Redefining \pageref on input line 6150.

(/usr/share/texlive/texmf-dist/tex/latex/base/atbegshi-ltx.sty
Package: atbegshi-ltx 2021/01/10 v1.0c Emulation of the original atbegshi
package with kernel methods
)
\Hy@abspage=\count282
\c@Item=\count283
\c@Hfootnote=\count284
)
Package hyperref Info: Driver (autodetected): hpdftex.

(/usr/share/texlive/texmf-dist/tex/latex/hyperref/hpdftex.def
File: hpdftex.def 2021-06-07 v7.00m Hyperref driver for pdfTeX

(/usr/share/texlive/texmf-dist/tex/latex/base/atveryend-ltx.sty
Package: atveryend-ltx 2020/08/19 v1.0a Emulation of the original atveryend pac
kage
with kernel methods
)
\Fld@listcount=\count285
\c@bookmark@seq@number=\count286

(/usr/share/texlive/texmf-dist/tex/latex/rerunfilecheck/rerunfilecheck.sty
Package: rerunfilecheck 2019/12/05 v1.9 Rerun checks for auxiliary files (HO)

(/usr/share/texlive/texmf-dist/tex/generic/uniquecounter/uniquecounter.sty
Package: uniquecounter 2019/12/15 v1.4 Provide unlimited unique counter (HO)
)
Package uniquecounter Info: New unique counter `rerunfilecheck' on input line 2
86.
)
\Hy@SectionHShift=\skip60
)
\c@definition=\count287
\c@assumption=\count288
\c@example=\count289
\c@theorem=\count290
\c@proposition=\count291
\c@lemma=\count292
\c@corollary=\count293
\c@remark=\count294

(/usr/share/texlive/texmf-dist/tex/latex/l3backend/l3backend-pdftex.def
File: l3backend-pdftex.def 2022-01-12 L3 backend support: PDF output (pdfTeX)
\l__color_backend_stack_int=\count295
\l__pdf_internal_box=\box54
)
(./pid_dose_response_shape_v1.aux)
\openout1 = `pid_dose_response_shape_v1.aux'.

LaTeX Font Info:    Checking defaults for OML/cmm/m/it on input line 62.
LaTeX Font Info:    ... okay on input line 62.
LaTeX Font Info:    Checking defaults for OMS/cmsy/m/n on input line 62.
LaTeX Font Info:    ... okay on input line 62.
LaTeX Font Info:    Checking defaults for OT1/cmr/m/n on input line 62.
LaTeX Font Info:    ... okay on input line 62.
LaTeX Font Info:    Checking defaults for T1/cmr/m/n on input line 62.
LaTeX Font Info:    ... okay on input line 62.
LaTeX Font Info:    Checking defaults for TS1/cmr/m/n on input line 62.
LaTeX Font Info:    ... okay on input line 62.
LaTeX Font Info:    Checking defaults for OMX/cmex/m/n on input line 62.
LaTeX Font Info:    ... okay on input line 62.
LaTeX Font Info:    Checking defaults for U/cmr/m/n on input line 62.
LaTeX Font Info:    ... okay on input line 62.
LaTeX Font Info:    Checking defaults for PD1/pdf/m/n on input line 62.
LaTeX Font Info:    ... okay on input line 62.
LaTeX Font Info:    Checking defaults for PU/pdf/m/n on input line 62.
LaTeX Font Info:    ... okay on input line 62.

(/usr/share/texlive/texmf-dist/tex/latex/graphics/graphicx.sty
Package: graphicx 2021/09/16 v1.2d Enhanced LaTeX Graphics (DPC,SPQR)

(/usr/share/texlive/texmf-dist/tex/latex/graphics/graphics.sty
Package: graphics 2021/03/04 v1.4d Standard LaTeX Graphics (DPC,SPQR)

(/usr/share/texlive/texmf-dist/tex/latex/graphics/trig.sty
Package: trig 2021/08/11 v1.11 sin cos tan (DPC)
)
(/usr/share/texlive/texmf-dist/tex/latex/graphics-cfg/graphics.cfg
File: graphics.cfg 2016/06/04 v1.11 sample graphics configuration
)
Package graphics Info: Driver file: pdftex.def on input line 107.

(/usr/share/texlive/texmf-dist/tex/latex/graphics-def/pdftex.def
File: pdftex.def 2020/10/05 v1.2a Graphics/color driver for pdftex

(/usr/share/texlive/texmf-dist/tex/context/base/mkii/supp-pdf.mkii
[Loading MPS to PDF converter (version 2006.09.02).]
\scratchcounter=\count296
\scratchdimen=\dimen163
\scratchbox=\box55
\nofMPsegments=\count297
\nofMParguments=\count298
\everyMPshowfont=\toks29
\MPscratchCnt=\count299
\MPscratchDim=\dimen164
\MPnumerator=\count300
\makeMPintoPDFobject=\count301
\everyMPtoPDFconversion=\toks30
))) (/usr/share/texlive/texmf-dist/tex/latex/epstopdf-pkg/epstopdf-base.sty
Package: epstopdf-base 2020-01-24 v2.11 Base part for package epstopdf
Package epstopdf-base Info: Redefining graphics rule for `.eps' on input line 4
85.

(/usr/share/texlive/texmf-dist/tex/latex/latexconfig/epstopdf-sys.cfg
File: epstopdf-sys.cfg 2010/07/13 v1.3 Configuration of (r)epstopdf for TeX Liv
e
))
\Gin@req@height=\dimen165
\Gin@req@width=\dimen166
)
(/usr/share/texlive/texmf-dist/tex/latex/graphics/color.sty
Package: color 2021/12/07 v1.3c Standard LaTeX Color (DPC)

(/usr/share/texlive/texmf-dist/tex/latex/graphics-cfg/color.cfg
File: color.cfg 2016/01/02 v1.6 sample color configuration
)
Package color Info: Driver file: pdftex.def on input line 149.
)
Package hyperref Info: Link coloring ON on input line 62.

(/usr/share/texlive/texmf-dist/tex/latex/hyperref/nameref.sty
Package: nameref 2021-04-02 v2.47 Cross-referencing by name of section

(/usr/share/texlive/texmf-dist/tex/latex/refcount/refcount.sty
Package: refcount 2019/12/15 v3.6 Data extraction from label references (HO)
)
(/usr/share/texlive/texmf-dist/tex/generic/gettitlestring/gettitlestring.sty
Package: gettitlestring 2019/12/15 v1.6 Cleanup title references (HO)
)
\c@section@level=\count302
)
LaTeX Info: Redefining \ref on input line 62.
LaTeX Info: Redefining \pageref on input line 62.
LaTeX Info: Redefining \nameref on input line 62.

(./pid_dose_response_shape_v1.out) (./pid_dose_response_shape_v1.out)
\@outlinefile=\write3
\openout3 = `pid_dose_response_shape_v1.out'.

LaTeX Font Info:    Trying to load font information for U+msa on input line 64.


(/usr/share/texlive/texmf-dist/tex/latex/amsfonts/umsa.fd
File: umsa.fd 2013/01/14 v3.01 AMS symbols A
)
LaTeX Font Info:    Trying to load font information for U+msb on input line 64.


(/usr/share/texlive/texmf-dist/tex/latex/amsfonts/umsb.fd
File: umsb.fd 2013/01/14 v3.01 AMS symbols B
)
Overfull \hbox (6.25072pt too wide) in paragraph at lines 68--71
\OT1/cmr/m/n/10 three-dose phase-transition for-mula is con-firmed only as a fi
nite-polytope
 []

[1

{/var/lib/texmf/fonts/map/pdftex/updmap/pdftex.map}] [2]
Overfull \hbox (16.37627pt too wide) in paragraph at lines 98--99
\OT1/cmr/m/n/10.95 clo-sure af-ter re-plac-ing bounded-outcome no-assumption in
-ter-vals by continuous-
 []


Overfull \hbox (1.12617pt too wide) in paragraph at lines 100--101
\OT1/cmr/m/n/10.95 dynamic-IV com-pli-ance bounds. Those ar-ti-facts con-cern d
if-fer-ent sub-strates:
 []

[3]
Overfull \hbox (74.87906pt too wide) detected at line 152
\OT1/cmr/m/n/10.95 ^^B[](\OML/cmm/m/it/10.95 P\OT1/cmr/m/n/10.95 ) = [] \OML/cm
m/m/it/10.95 :
 []

[4]
Overfull \hbox (97.304pt too wide) detected at line 165
\OT1/cmr/m/n/10.95 ^^B[](\OML/cmm/m/it/10.95 P\OT1/cmr/m/n/10.95 ) = [] \OML/cm
m/m/it/10.95 :
 []


Overfull \hbox (263.45746pt too wide) detected at line 190
\OT1/cmr/m/n/10.95 ^^B[](\OML/cmm/m/it/10.95 P\OT1/cmr/m/n/10.95 ) = \OMS/cmsy/
m/n/10.95 f\OML/cmm/m/it/10.95 # \OMS/cmsy/m/n/10.95 2 \U/msb/m/n/10.95 R[] \OT
1/cmr/m/n/10.95 : \OML/cmm/m/it/10.95 L[]\OT1/cmr/m/n/10.95 (\OML/cmm/m/it/10.9
5 P; \OT1/cmr/m/n/10.95 ^^@) \OMS/cmsy/m/n/10.95 ^^T \OML/cmm/m/it/10.95 #[] \O
MS/cmsy/m/n/10.95 ^^T \OML/cmm/m/it/10.95 U[]\OT1/cmr/m/n/10.95 (\OML/cmm/m/it/
10.95 P; \OT1/cmr/m/n/10.95 ^^@) \OMS/cmsy/m/n/10.95 8\OML/cmm/m/it/10.95 j;  #
[] \OMS/cmsy/m/n/10.95 ^^T [] ^^T \OML/cmm/m/it/10.95 #[];  \OT1/cmr/m/n/10.95 
(\OML/cmm/m/it/10.95 #[] \OMS/cmsy/m/n/10.95 ^^@ \OML/cmm/m/it/10.95 #[]\OT1/cm
r/m/n/10.95 )\OML/cmm/m/it/10.95 =\OT1/cmr/m/n/10.95 (\OML/cmm/m/it/10.95 a[] \
OMS/cmsy/m/n/10.95 ^^@ \OML/cmm/m/it/10.95 a[]\OT1/cmr/m/n/10.95 ) \OMS/cmsy/m/
n/10.95 ^^T \OT1/cmr/m/n/10.95 (\OML/cmm/m/it/10.95 #[] \OMS/cmsy/m/n/10.95 ^^@
 \OML/cmm/m/it/10.95 #[]\OT1/cmr/m/n/10.95 )\OML/cmm/m/it/10.95 =\OT1/cmr/m/n/1
0.95 (\OML/cmm/m/it/10.95 a[] \OMS/cmsy/m/n/10.95 ^^@ \OML/cmm/m/it/10.95 a[]\O
T1/cmr/m/n/10.95 ) \OMS/cmsy/m/n/10.95 8\OT1/cmr/m/n/10.95 1 \OMS/cmsy/m/n/10.9
5 ^^T \OML/cmm/m/it/10.95 j < K\OMS/cmsy/m/n/10.95 g\OML/cmm/m/it/10.95 :
 []

[5]
Overfull \hbox (0.7117pt too wide) in paragraph at lines 196--197
\OT1/cmr/m/n/10.95 grid-specialized continuous-treatment marginal sen-si-tiv-it
y model, point-
 []

[6]
Overfull \hbox (21.84772pt too wide) in paragraph at lines 250--251
[][]\OT1/cmr/bx/n/10.95 Assumption 7 \OT1/cmr/m/n/10.95 (Nonempty shape--com-pa
t-i-ble en-ve-lope)\OT1/cmr/bx/n/10.95 . []\OT1/cmr/m/n/10.95 The poly-tope $^^
B[](\OML/cmm/m/it/10.95 P\OT1/cmr/m/n/10.95 )$
 []


Overfull \hbox (8.37387pt too wide) in paragraph at lines 254--255
\OT1/cmr/m/n/10.95 tained by solv-ing two fi-nite lin-ear pro-grams. For a tar-
get in-dex $\OML/cmm/m/it/10.95 k \OMS/cmsy/m/n/10.95 2 f\OT1/cmr/m/n/10.95 0\O
ML/cmm/m/it/10.95 ; [] ; K\OMS/cmsy/m/n/10.95 g$\OT1/cmr/m/n/10.95 ,
 []

[7]
Overfull \hbox (6.59924pt too wide) in paragraph at lines 290--291
[][]\OT1/cmr/bx/n/10.95 Theorem 1 \OT1/cmr/m/n/10.95 (Grid mono-tone--con-cave 
outer en-ve-lope)\OT1/cmr/bx/n/10.95 . []\OT1/cmr/m/it/10.95 Un-der As-sump-tio
ns [][]1[][]--
 []

[8] [9]
Overfull \hbox (5.78828pt too wide) in paragraph at lines 355--356
[]\OT1/cmr/m/n/10.95 There is no clean-versus-contaminated re-gres-sion co-ef-f
i-cient in this partial-
 []

[10]
Overfull \hbox (1.58464pt too wide) in paragraph at lines 396--397
[]\OT1/cmr/m/n/10.95 Assumption [][]7[][] and the closed bounded in-ter-val con
-straints make $^^B[](\OML/cmm/m/it/10.95 P\OT1/cmr/m/n/10.95 )$
 []


Overfull \hbox (17.4815pt too wide) in paragraph at lines 396--397
\OT1/cmr/m/n/10.95 and up-per co-or-di-nate ex-trema are at-tained; by the el-e
-men-tary finite-dimensional
 []


Overfull \hbox (3.01135pt too wide) in paragraph at lines 396--397
\OT1/cmr/m/n/10.95 The con-tain-ment just proved makes $\OML/cmm/m/it/10.95 B[]
\OT1/cmr/m/n/10.95 (\OML/cmm/m/it/10.95 P; k\OT1/cmr/m/n/10.95 )$ a valid law-l
evel outer bound. 
 []

[11]
Overfull \hbox (6.69057pt too wide) in paragraph at lines 441--442
[]\OT1/cmr/m/n/10.95 For mono-tonic-ity alone, the same as-sump-tions make $(\O
ML/cmm/m/it/10.95 L[]; L[]; []\OMS/cmsy/m/n/10.95 f\OML/cmm/m/it/10.95 L[]; L[]
\OMS/cmsy/m/n/10.95 g\OT1/cmr/m/n/10.95 )$
 []


Overfull \hbox (4.21199pt too wide) in paragraph at lines 441--442
\OT1/cmr/m/n/10.95 fea-si-ble. Hence the monotone-only lower bound at $\OML/cmm
/m/it/10.95 a[]$ \OT1/cmr/m/n/10.95 is $\OML/cmm/m/it/10.95 L[]$\OT1/cmr/m/n/10
.95 . When $\OML/cmm/m/it/10.95 c\OT1/cmr/m/n/10.95 (\OML/cmm/m/it/10.95 L[]; L
[]\OT1/cmr/m/n/10.95 ) \OML/cmm/m/it/10.95 >
 []

[12] [13] [14]
Overfull \hbox (4.823pt too wide) in paragraph at lines 480--481
[]\OT1/cmr/bx/n/10.95 Shape ob-jects. \OT1/cmr/m/n/10.95 The mono-tone cone con
-straints $\OML/cmm/m/it/10.95 #[] \OMS/cmsy/m/n/10.95 ^^T \OML/cmm/m/it/10.95 
#[]$\OT1/cmr/m/n/10.95 ; the discrete-
 []

[15] [16] [17] (./pid_dose_response_shape_v1.aux)
Package rerunfilecheck Info: File `pid_dose_response_shape_v1.out' has not chan
ged.
(rerunfilecheck)             Checksum: A2B7B701BB5B910DD3FD8EDE26EFCABF;1840.
 ) 
Here is how much of TeX's memory you used:
 10587 strings out of 478287
 165691 string characters out of 5849290
 461341 words of memory out of 5000000
 28581 multiletter control sequences out of 15000+600000
 480685 words of font info for 73 fonts, out of 8000000 for 9000
 1141 hyphenation exceptions out of 8191
 63i,9n,71p,949b,482s stack positions out of 5000i,500n,10000p,200000b,80000s
{/usr/share/texmf/fonts/enc/dvips/cm-super/cm-super-ts1.enc}</usr/share/texli
ve/texmf-dist/fonts/type1/public/amsfonts/cm/cmbx10.pfb></usr/share/texlive/tex
mf-dist/fonts/type1/public/amsfonts/cm/cmbx12.pfb></usr/share/texlive/texmf-dis
t/fonts/type1/public/amsfonts/cm/cmex10.pfb></usr/share/texlive/texmf-dist/font
s/type1/public/amsfonts/cm/cmmi10.pfb></usr/share/texlive/texmf-dist/fonts/type
1/public/amsfonts/cm/cmmi6.pfb></usr/share/texlive/texmf-dist/fonts/type1/publi
c/amsfonts/cm/cmmi7.pfb></usr/share/texlive/texmf-dist/fonts/type1/public/amsfo
nts/cm/cmmi8.pfb></usr/share/texlive/texmf-dist/fonts/type1/public/amsfonts/cm/
cmr10.pfb></usr/share/texlive/texmf-dist/fonts/type1/public/amsfonts/cm/cmr12.p
fb></usr/share/texlive/texmf-dist/fonts/type1/public/amsfonts/cm/cmr17.pfb></us
r/share/texlive/texmf-dist/fonts/type1/public/amsfonts/cm/cmr6.pfb></usr/share/
texlive/texmf-dist/fonts/type1/public/amsfonts/cm/cmr7.pfb></usr/share/texlive/
texmf-dist/fonts/type1/public/amsfonts/cm/cmr8.pfb></usr/share/texlive/texmf-di
st/fonts/type1/public/amsfonts/cm/cmsy10.pfb></usr/share/texlive/texmf-dist/fon
ts/type1/public/amsfonts/cm/cmsy8.pfb></usr/share/texlive/texmf-dist/fonts/type
1/public/amsfonts/cm/cmti10.pfb></usr/share/texlive/texmf-dist/fonts/type1/publ
ic/amsfonts/cm/cmti12.pfb></usr/share/texlive/texmf-dist/fonts/type1/public/ams
fonts/cm/cmtt10.pfb></usr/share/texlive/texmf-dist/fonts/type1/public/amsfonts/
cm/cmtt12.pfb></usr/share/texlive/texmf-dist/fonts/type1/public/amsfonts/symbol
s/msbm10.pfb></usr/share/texmf/fonts/type1/public/cm-super/sfrm1095.pfb>
Output written on pid_dose_response_shape_v1.pdf (17 pages, 298019 bytes).
PDF statistics:
 338 PDF objects out of 1000 (max. 8388607)
 274 compressed objects within 3 object streams
 65 named destinations out of 1000 (max. 500000)
 105 words of extra memory for PDF output out of 10000 (max. 10000000)

