causalsmith: Stage 0-SOLVE unit thm:asymmetric-sharp-orbit-coverage-frontier wrote invalid solve JSON at /<repo-root>/CausalSmith/doc/research/active/stat_block_orbit_conformal_certificate/discovery/solve_thm_asymmetric_sharp_orbit_coverage_frontier.json: [
  {
    "code": "invalid_union_discriminator",
    "options": [
      "assumption-replace",
      "statement-replace",
      "statement-delete",
      "definition-add",
      "definition-replace",
      "definition-delete",
      "bibliography-replace",
      "symbol-add",
      "symbol-replace",
      "symbol-delete",
      "rebuild-reverse-dependencies"
    ],
    "path": [
      "proposed_core_edits",
      2,
      "kind"
    ],
    "message": "Invalid discriminator value. Expected 'assumption-replace' | 'statement-replace' | 'statement-delete' | 'definition-add' | 'definition-replace' | 'definition-delete' | 'bibliography-replace' | 'symbol-add' | 'symbol-replace' | 'symbol-delete' | 'rebuild-reverse-dependencies'"
  }
]
