causalsmith: Stage 0-SOLVE unit lem:weighted-exchangeable-infinity-quantile-comparator wrote invalid solve JSON at /home/jytan12/AutoID/AutoID/CausalSmith/doc/research/active/stat_block_orbit_conformal_certificate/discovery/solve_lem_weighted_exchangeable_infinity_quantile_comparator.json: [
  {
    "received": "main-agent",
    "code": "invalid_enum_value",
    "options": [
      "d0-agent",
      "main",
      "user"
    ],
    "path": [
      "proposed_core_edits",
      0,
      "proposed",
      "source",
      "attestation",
      "by"
    ],
    "message": "Invalid enum value. Expected 'd0-agent' | 'main' | 'user', received 'main-agent'"
  }
]
